[debug] [2025-09-24T03:36:55.082Z] Checked if tokens are valid: false, expires at: 1758681120433
[debug] [2025-09-24T03:36:55.084Z] Checked if tokens are valid: false, expires at: 1758681120433
[debug] [2025-09-24T03:36:55.084Z] > refreshing access token with scopes: []
[debug] [2025-09-24T03:36:55.084Z] >>> [apiv2][query] POST https://www.googleapis.com/oauth2/v3/token [none]
[debug] [2025-09-24T03:36:55.084Z] >>> [apiv2][body] POST https://www.googleapis.com/oauth2/v3/token [omitted]
[debug] [2025-09-24T03:36:55.101Z] Checked if tokens are valid: false, expires at: 1758681120433
[debug] [2025-09-24T03:36:55.101Z] Checked if tokens are valid: false, expires at: 1758681120433
[debug] [2025-09-24T03:36:55.101Z] > refreshing access token with scopes: []
[debug] [2025-09-24T03:36:55.101Z] >>> [apiv2][query] POST https://www.googleapis.com/oauth2/v3/token [none]
[debug] [2025-09-24T03:36:55.101Z] >>> [apiv2][body] POST https://www.googleapis.com/oauth2/v3/token [omitted]
[debug] [2025-09-24T03:36:55.102Z] Checked if tokens are valid: false, expires at: 1758681120433
[debug] [2025-09-24T03:36:55.102Z] Checked if tokens are valid: false, expires at: 1758681120433
[debug] [2025-09-24T03:36:55.102Z] > refreshing access token with scopes: []
[debug] [2025-09-24T03:36:55.102Z] >>> [apiv2][query] POST https://www.googleapis.com/oauth2/v3/token [none]
[debug] [2025-09-24T03:36:55.102Z] >>> [apiv2][body] POST https://www.googleapis.com/oauth2/v3/token [omitted]
[debug] [2025-09-24T03:36:55.102Z] Checked if tokens are valid: false, expires at: 1758681120433
[debug] [2025-09-24T03:36:55.102Z] Checked if tokens are valid: false, expires at: 1758681120433
[debug] [2025-09-24T03:36:55.102Z] > refreshing access token with scopes: []
[debug] [2025-09-24T03:36:55.103Z] >>> [apiv2][query] POST https://www.googleapis.com/oauth2/v3/token [none]
[debug] [2025-09-24T03:36:55.103Z] >>> [apiv2][body] POST https://www.googleapis.com/oauth2/v3/token [omitted]
[debug] [2025-09-24T03:36:55.103Z] Checked if tokens are valid: false, expires at: 1758681120433
[debug] [2025-09-24T03:36:55.103Z] Checked if tokens are valid: false, expires at: 1758681120433
[debug] [2025-09-24T03:36:55.103Z] > refreshing access token with scopes: []
[debug] [2025-09-24T03:36:55.103Z] >>> [apiv2][query] POST https://www.googleapis.com/oauth2/v3/token [none]
[debug] [2025-09-24T03:36:55.103Z] >>> [apiv2][body] POST https://www.googleapis.com/oauth2/v3/token [omitted]
[debug] [2025-09-24T03:36:55.103Z] Checked if tokens are valid: false, expires at: 1758681120433
[debug] [2025-09-24T03:36:55.103Z] Checked if tokens are valid: false, expires at: 1758681120433
[debug] [2025-09-24T03:36:55.103Z] > refreshing access token with scopes: []
[debug] [2025-09-24T03:36:55.104Z] >>> [apiv2][query] POST https://www.googleapis.com/oauth2/v3/token [none]
[debug] [2025-09-24T03:36:55.104Z] >>> [apiv2][body] POST https://www.googleapis.com/oauth2/v3/token [omitted]
[debug] [2025-09-24T03:36:55.104Z] Checked if tokens are valid: false, expires at: 1758681120433
[debug] [2025-09-24T03:36:55.104Z] Checked if tokens are valid: false, expires at: 1758681120433
[debug] [2025-09-24T03:36:55.104Z] > refreshing access token with scopes: []
[debug] [2025-09-24T03:36:55.104Z] >>> [apiv2][query] POST https://www.googleapis.com/oauth2/v3/token [none]
[debug] [2025-09-24T03:36:55.104Z] >>> [apiv2][body] POST https://www.googleapis.com/oauth2/v3/token [omitted]
[debug] [2025-09-24T03:36:55.105Z] Checked if tokens are valid: false, expires at: 1758681120433
[debug] [2025-09-24T03:36:55.105Z] Checked if tokens are valid: false, expires at: 1758681120433
[debug] [2025-09-24T03:36:55.105Z] > refreshing access token with scopes: []
[debug] [2025-09-24T03:36:55.105Z] >>> [apiv2][query] POST https://www.googleapis.com/oauth2/v3/token [none]
[debug] [2025-09-24T03:36:55.105Z] >>> [apiv2][body] POST https://www.googleapis.com/oauth2/v3/token [omitted]
[debug] [2025-09-24T03:36:55.105Z] Checked if tokens are valid: false, expires at: 1758681120433
[debug] [2025-09-24T03:36:55.105Z] Checked if tokens are valid: false, expires at: 1758681120433
[debug] [2025-09-24T03:36:55.105Z] > refreshing access token with scopes: []
[debug] [2025-09-24T03:36:55.105Z] >>> [apiv2][query] POST https://www.googleapis.com/oauth2/v3/token [none]
[debug] [2025-09-24T03:36:55.105Z] >>> [apiv2][body] POST https://www.googleapis.com/oauth2/v3/token [omitted]
[debug] [2025-09-24T03:36:55.118Z] Checked if tokens are valid: false, expires at: 1758681120433
[debug] [2025-09-24T03:36:55.118Z] Checked if tokens are valid: false, expires at: 1758681120433
[debug] [2025-09-24T03:36:55.118Z] > refreshing access token with scopes: []
[debug] [2025-09-24T03:36:55.118Z] >>> [apiv2][query] POST https://www.googleapis.com/oauth2/v3/token [none]
[debug] [2025-09-24T03:36:55.118Z] >>> [apiv2][body] POST https://www.googleapis.com/oauth2/v3/token [omitted]
[debug] [2025-09-24T03:36:55.118Z] Checked if tokens are valid: false, expires at: 1758681120433
[debug] [2025-09-24T03:36:55.118Z] Checked if tokens are valid: false, expires at: 1758681120433
[debug] [2025-09-24T03:36:55.118Z] > refreshing access token with scopes: []
[debug] [2025-09-24T03:36:55.118Z] >>> [apiv2][query] POST https://www.googleapis.com/oauth2/v3/token [none]
[debug] [2025-09-24T03:36:55.118Z] >>> [apiv2][body] POST https://www.googleapis.com/oauth2/v3/token [omitted]
[debug] [2025-09-24T03:36:55.118Z] Checked if tokens are valid: false, expires at: 1758681120433
[debug] [2025-09-24T03:36:55.118Z] Checked if tokens are valid: false, expires at: 1758681120433
[debug] [2025-09-24T03:36:55.118Z] > refreshing access token with scopes: []
[debug] [2025-09-24T03:36:55.118Z] >>> [apiv2][query] POST https://www.googleapis.com/oauth2/v3/token [none]
[debug] [2025-09-24T03:36:55.118Z] >>> [apiv2][body] POST https://www.googleapis.com/oauth2/v3/token [omitted]
[debug] [2025-09-24T03:36:55.119Z] Checked if tokens are valid: false, expires at: 1758681120433
[debug] [2025-09-24T03:36:55.119Z] Checked if tokens are valid: false, expires at: 1758681120433
[debug] [2025-09-24T03:36:55.119Z] > refreshing access token with scopes: []
[debug] [2025-09-24T03:36:55.119Z] >>> [apiv2][query] POST https://www.googleapis.com/oauth2/v3/token [none]
[debug] [2025-09-24T03:36:55.119Z] >>> [apiv2][body] POST https://www.googleapis.com/oauth2/v3/token [omitted]
[debug] [2025-09-24T03:36:55.119Z] Checked if tokens are valid: false, expires at: 1758681120433
[debug] [2025-09-24T03:36:55.119Z] Checked if tokens are valid: false, expires at: 1758681120433
[debug] [2025-09-24T03:36:55.119Z] > refreshing access token with scopes: []
[debug] [2025-09-24T03:36:55.119Z] >>> [apiv2][query] POST https://www.googleapis.com/oauth2/v3/token [none]
[debug] [2025-09-24T03:36:55.119Z] >>> [apiv2][body] POST https://www.googleapis.com/oauth2/v3/token [omitted]
[debug] [2025-09-24T03:36:55.119Z] Checked if tokens are valid: false, expires at: 1758681120433
[debug] [2025-09-24T03:36:55.119Z] Checked if tokens are valid: false, expires at: 1758681120433
[debug] [2025-09-24T03:36:55.119Z] > refreshing access token with scopes: []
[debug] [2025-09-24T03:36:55.119Z] >>> [apiv2][query] POST https://www.googleapis.com/oauth2/v3/token [none]
[debug] [2025-09-24T03:36:55.119Z] >>> [apiv2][body] POST https://www.googleapis.com/oauth2/v3/token [omitted]
[debug] [2025-09-24T03:36:55.120Z] Checked if tokens are valid: false, expires at: 1758681120433
[debug] [2025-09-24T03:36:55.120Z] Checked if tokens are valid: false, expires at: 1758681120433
[debug] [2025-09-24T03:36:55.120Z] > refreshing access token with scopes: []
[debug] [2025-09-24T03:36:55.120Z] >>> [apiv2][query] POST https://www.googleapis.com/oauth2/v3/token [none]
[debug] [2025-09-24T03:36:55.120Z] >>> [apiv2][body] POST https://www.googleapis.com/oauth2/v3/token [omitted]
[debug] [2025-09-24T03:36:55.120Z] Checked if tokens are valid: false, expires at: 1758681120433
[debug] [2025-09-24T03:36:55.120Z] Checked if tokens are valid: false, expires at: 1758681120433
[debug] [2025-09-24T03:36:55.120Z] > refreshing access token with scopes: []
[debug] [2025-09-24T03:36:55.120Z] >>> [apiv2][query] POST https://www.googleapis.com/oauth2/v3/token [none]
[debug] [2025-09-24T03:36:55.120Z] >>> [apiv2][body] POST https://www.googleapis.com/oauth2/v3/token [omitted]
[debug] [2025-09-24T03:36:55.120Z] Checked if tokens are valid: false, expires at: 1758681120433
[debug] [2025-09-24T03:36:55.120Z] Checked if tokens are valid: false, expires at: 1758681120433
[debug] [2025-09-24T03:36:55.120Z] > refreshing access token with scopes: []
[debug] [2025-09-24T03:36:55.120Z] >>> [apiv2][query] POST https://www.googleapis.com/oauth2/v3/token [none]
[debug] [2025-09-24T03:36:55.120Z] >>> [apiv2][body] POST https://www.googleapis.com/oauth2/v3/token [omitted]
[debug] [2025-09-24T03:36:55.120Z] Checked if tokens are valid: false, expires at: 1758681120433
[debug] [2025-09-24T03:36:55.120Z] Checked if tokens are valid: false, expires at: 1758681120433
[debug] [2025-09-24T03:36:55.120Z] > refreshing access token with scopes: []
[debug] [2025-09-24T03:36:55.120Z] >>> [apiv2][query] POST https://www.googleapis.com/oauth2/v3/token [none]
[debug] [2025-09-24T03:36:55.120Z] >>> [apiv2][body] POST https://www.googleapis.com/oauth2/v3/token [omitted]
[debug] [2025-09-24T03:36:55.121Z] Checked if tokens are valid: false, expires at: 1758681120433
[debug] [2025-09-24T03:36:55.121Z] Checked if tokens are valid: false, expires at: 1758681120433
[debug] [2025-09-24T03:36:55.121Z] > refreshing access token with scopes: []
[debug] [2025-09-24T03:36:55.121Z] >>> [apiv2][query] POST https://www.googleapis.com/oauth2/v3/token [none]
[debug] [2025-09-24T03:36:55.121Z] >>> [apiv2][body] POST https://www.googleapis.com/oauth2/v3/token [omitted]
[debug] [2025-09-24T03:36:55.121Z] Checked if tokens are valid: false, expires at: 1758681120433
[debug] [2025-09-24T03:36:55.121Z] Checked if tokens are valid: false, expires at: 1758681120433
[debug] [2025-09-24T03:36:55.121Z] > refreshing access token with scopes: []
[debug] [2025-09-24T03:36:55.121Z] >>> [apiv2][query] POST https://www.googleapis.com/oauth2/v3/token [none]
[debug] [2025-09-24T03:36:55.121Z] >>> [apiv2][body] POST https://www.googleapis.com/oauth2/v3/token [omitted]
[debug] [2025-09-24T03:36:55.121Z] Checked if tokens are valid: false, expires at: 1758681120433
[debug] [2025-09-24T03:36:55.121Z] Checked if tokens are valid: false, expires at: 1758681120433
[debug] [2025-09-24T03:36:55.121Z] > refreshing access token with scopes: []
[debug] [2025-09-24T03:36:55.121Z] >>> [apiv2][query] POST https://www.googleapis.com/oauth2/v3/token [none]
[debug] [2025-09-24T03:36:55.121Z] >>> [apiv2][body] POST https://www.googleapis.com/oauth2/v3/token [omitted]
[debug] [2025-09-24T03:36:55.121Z] Checked if tokens are valid: false, expires at: 1758681120433
[debug] [2025-09-24T03:36:55.121Z] Checked if tokens are valid: false, expires at: 1758681120433
[debug] [2025-09-24T03:36:55.121Z] > refreshing access token with scopes: []
[debug] [2025-09-24T03:36:55.121Z] >>> [apiv2][query] POST https://www.googleapis.com/oauth2/v3/token [none]
[debug] [2025-09-24T03:36:55.121Z] >>> [apiv2][body] POST https://www.googleapis.com/oauth2/v3/token [omitted]
[debug] [2025-09-24T03:36:55.121Z] Checked if tokens are valid: false, expires at: 1758681120433
[debug] [2025-09-24T03:36:55.121Z] Checked if tokens are valid: false, expires at: 1758681120433
[debug] [2025-09-24T03:36:55.121Z] > refreshing access token with scopes: []
[debug] [2025-09-24T03:36:55.122Z] >>> [apiv2][query] POST https://www.googleapis.com/oauth2/v3/token [none]
[debug] [2025-09-24T03:36:55.122Z] >>> [apiv2][body] POST https://www.googleapis.com/oauth2/v3/token [omitted]
[debug] [2025-09-24T03:36:55.122Z] Checked if tokens are valid: false, expires at: 1758681120433
[debug] [2025-09-24T03:36:55.122Z] Checked if tokens are valid: false, expires at: 1758681120433
[debug] [2025-09-24T03:36:55.122Z] > refreshing access token with scopes: []
[debug] [2025-09-24T03:36:55.122Z] >>> [apiv2][query] POST https://www.googleapis.com/oauth2/v3/token [none]
[debug] [2025-09-24T03:36:55.122Z] >>> [apiv2][body] POST https://www.googleapis.com/oauth2/v3/token [omitted]
[debug] [2025-09-24T03:36:55.122Z] Checked if tokens are valid: false, expires at: 1758681120433
[debug] [2025-09-24T03:36:55.122Z] Checked if tokens are valid: false, expires at: 1758681120433
[debug] [2025-09-24T03:36:55.122Z] > refreshing access token with scopes: []
[debug] [2025-09-24T03:36:55.122Z] >>> [apiv2][query] POST https://www.googleapis.com/oauth2/v3/token [none]
[debug] [2025-09-24T03:36:55.122Z] >>> [apiv2][body] POST https://www.googleapis.com/oauth2/v3/token [omitted]
[debug] [2025-09-24T03:36:55.122Z] Checked if tokens are valid: false, expires at: 1758681120433
[debug] [2025-09-24T03:36:55.122Z] Checked if tokens are valid: false, expires at: 1758681120433
[debug] [2025-09-24T03:36:55.122Z] > refreshing access token with scopes: []
[debug] [2025-09-24T03:36:55.122Z] >>> [apiv2][query] POST https://www.googleapis.com/oauth2/v3/token [none]
[debug] [2025-09-24T03:36:55.122Z] >>> [apiv2][body] POST https://www.googleapis.com/oauth2/v3/token [omitted]
[debug] [2025-09-24T03:36:55.241Z] <<< [apiv2][status] POST https://www.googleapis.com/oauth2/v3/token 200
[debug] [2025-09-24T03:36:55.241Z] <<< [apiv2][body] POST https://www.googleapis.com/oauth2/v3/token [omitted]
[debug] [2025-09-24T03:36:55.264Z] >>> [apiv2][query] GET https://serviceusage.googleapis.com/v1/projects/wallpaperverce/services/ [none]
[debug] [2025-09-24T03:36:55.264Z] >>> [apiv2][(partial)header] GET https://serviceusage.googleapis.com/v1/projects/wallpaperverce/services/ x-goog-quota-user=projects/wallpaperverce
[debug] [2025-09-24T03:36:55.270Z] <<< [apiv2][status] POST https://www.googleapis.com/oauth2/v3/token 200
[debug] [2025-09-24T03:36:55.270Z] <<< [apiv2][body] POST https://www.googleapis.com/oauth2/v3/token [omitted]
[debug] [2025-09-24T03:36:55.286Z] >>> [apiv2][query] GET https://serviceusage.googleapis.com/v1/projects/wallpaperverce/services/firebaseio.com [none]
[debug] [2025-09-24T03:36:55.286Z] >>> [apiv2][(partial)header] GET https://serviceusage.googleapis.com/v1/projects/wallpaperverce/services/firebaseio.com x-goog-quota-user=projects/wallpaperverce
[debug] [2025-09-24T03:36:55.286Z] <<< [apiv2][status] POST https://www.googleapis.com/oauth2/v3/token 200
[debug] [2025-09-24T03:36:55.286Z] <<< [apiv2][body] POST https://www.googleapis.com/oauth2/v3/token [omitted]
[debug] [2025-09-24T03:36:55.294Z] >>> [apiv2][query] GET https://serviceusage.googleapis.com/v1/projects/wallpaperverce/services/identitytoolkit.googleapis.com [none]
[debug] [2025-09-24T03:36:55.294Z] >>> [apiv2][(partial)header] GET https://serviceusage.googleapis.com/v1/projects/wallpaperverce/services/identitytoolkit.googleapis.com x-goog-quota-user=projects/wallpaperverce
[debug] [2025-09-24T03:36:55.295Z] <<< [apiv2][status] POST https://www.googleapis.com/oauth2/v3/token 200
[debug] [2025-09-24T03:36:55.295Z] <<< [apiv2][body] POST https://www.googleapis.com/oauth2/v3/token [omitted]
[debug] [2025-09-24T03:36:55.302Z] >>> [apiv2][query] GET https://serviceusage.googleapis.com/v1/projects/wallpaperverce/services/firebaseremoteconfig.googleapis.com [none]
[debug] [2025-09-24T03:36:55.302Z] >>> [apiv2][(partial)header] GET https://serviceusage.googleapis.com/v1/projects/wallpaperverce/services/firebaseremoteconfig.googleapis.com x-goog-quota-user=projects/wallpaperverce
[debug] [2025-09-24T03:36:55.303Z] <<< [apiv2][status] POST https://www.googleapis.com/oauth2/v3/token 200
[debug] [2025-09-24T03:36:55.303Z] <<< [apiv2][body] POST https://www.googleapis.com/oauth2/v3/token [omitted]
[debug] [2025-09-24T03:36:55.313Z] >>> [apiv2][query] GET https://serviceusage.googleapis.com/v1/projects/wallpaperverce/services/firebaseio.com [none]
[debug] [2025-09-24T03:36:55.313Z] >>> [apiv2][(partial)header] GET https://serviceusage.googleapis.com/v1/projects/wallpaperverce/services/firebaseio.com x-goog-quota-user=projects/wallpaperverce
[debug] [2025-09-24T03:36:55.313Z] <<< [apiv2][status] POST https://www.googleapis.com/oauth2/v3/token 200
[debug] [2025-09-24T03:36:55.313Z] <<< [apiv2][body] POST https://www.googleapis.com/oauth2/v3/token [omitted]
[debug] [2025-09-24T03:36:55.320Z] >>> [apiv2][query] GET https://serviceusage.googleapis.com/v1/projects/wallpaperverce/services/firebasecrashlytics.googleapis.com [none]
[debug] [2025-09-24T03:36:55.320Z] >>> [apiv2][(partial)header] GET https://serviceusage.googleapis.com/v1/projects/wallpaperverce/services/firebasecrashlytics.googleapis.com x-goog-quota-user=projects/wallpaperverce
[debug] [2025-09-24T03:36:55.320Z] <<< [apiv2][status] POST https://www.googleapis.com/oauth2/v3/token 200
[debug] [2025-09-24T03:36:55.320Z] <<< [apiv2][body] POST https://www.googleapis.com/oauth2/v3/token [omitted]
[debug] [2025-09-24T03:36:55.329Z] >>> [apiv2][query] GET https://serviceusage.googleapis.com/v1/projects/wallpaperverce/services/identitytoolkit.googleapis.com [none]
[debug] [2025-09-24T03:36:55.329Z] >>> [apiv2][(partial)header] GET https://serviceusage.googleapis.com/v1/projects/wallpaperverce/services/identitytoolkit.googleapis.com x-goog-quota-user=projects/wallpaperverce
[debug] [2025-09-24T03:36:55.330Z] <<< [apiv2][status] POST https://www.googleapis.com/oauth2/v3/token 200
[debug] [2025-09-24T03:36:55.330Z] <<< [apiv2][body] POST https://www.googleapis.com/oauth2/v3/token [omitted]
[debug] [2025-09-24T03:36:55.338Z] >>> [apiv2][query] GET https://serviceusage.googleapis.com/v1/projects/wallpaperverce/services/firebaseapphosting.googleapis.com [none]
[debug] [2025-09-24T03:36:55.338Z] >>> [apiv2][(partial)header] GET https://serviceusage.googleapis.com/v1/projects/wallpaperverce/services/firebaseapphosting.googleapis.com x-goog-quota-user=projects/wallpaperverce
[debug] [2025-09-24T03:36:55.339Z] <<< [apiv2][status] POST https://www.googleapis.com/oauth2/v3/token 200
[debug] [2025-09-24T03:36:55.339Z] <<< [apiv2][body] POST https://www.googleapis.com/oauth2/v3/token [omitted]
[debug] [2025-09-24T03:36:55.349Z] >>> [apiv2][query] GET https://serviceusage.googleapis.com/v1/projects/wallpaperverce/services/fcm.googleapis.com [none]
[debug] [2025-09-24T03:36:55.349Z] >>> [apiv2][(partial)header] GET https://serviceusage.googleapis.com/v1/projects/wallpaperverce/services/fcm.googleapis.com x-goog-quota-user=projects/wallpaperverce
[debug] [2025-09-24T03:36:55.349Z] <<< [apiv2][status] POST https://www.googleapis.com/oauth2/v3/token 200
[debug] [2025-09-24T03:36:55.349Z] <<< [apiv2][body] POST https://www.googleapis.com/oauth2/v3/token [omitted]
[debug] [2025-09-24T03:36:55.357Z] >>> [apiv2][query] GET https://serviceusage.googleapis.com/v1/projects/wallpaperverce/services/firebaseapphosting.googleapis.com [none]
[debug] [2025-09-24T03:36:55.357Z] >>> [apiv2][(partial)header] GET https://serviceusage.googleapis.com/v1/projects/wallpaperverce/services/firebaseapphosting.googleapis.com x-goog-quota-user=projects/wallpaperverce
[debug] [2025-09-24T03:36:55.357Z] <<< [apiv2][status] POST https://www.googleapis.com/oauth2/v3/token 200
[debug] [2025-09-24T03:36:55.357Z] <<< [apiv2][body] POST https://www.googleapis.com/oauth2/v3/token [omitted]
[debug] [2025-09-24T03:36:55.365Z] >>> [apiv2][query] GET https://serviceusage.googleapis.com/v1/projects/wallpaperverce/services/fcm.googleapis.com [none]
[debug] [2025-09-24T03:36:55.365Z] >>> [apiv2][(partial)header] GET https://serviceusage.googleapis.com/v1/projects/wallpaperverce/services/fcm.googleapis.com x-goog-quota-user=projects/wallpaperverce
[debug] [2025-09-24T03:36:55.365Z] <<< [apiv2][status] POST https://www.googleapis.com/oauth2/v3/token 200
[debug] [2025-09-24T03:36:55.365Z] <<< [apiv2][body] POST https://www.googleapis.com/oauth2/v3/token [omitted]
[debug] [2025-09-24T03:36:55.373Z] >>> [apiv2][query] GET https://serviceusage.googleapis.com/v1/projects/wallpaperverce/services/storage.googleapis.com [none]
[debug] [2025-09-24T03:36:55.373Z] >>> [apiv2][(partial)header] GET https://serviceusage.googleapis.com/v1/projects/wallpaperverce/services/storage.googleapis.com x-goog-quota-user=projects/wallpaperverce
[debug] [2025-09-24T03:36:55.373Z] <<< [apiv2][status] POST https://www.googleapis.com/oauth2/v3/token 200
[debug] [2025-09-24T03:36:55.373Z] <<< [apiv2][body] POST https://www.googleapis.com/oauth2/v3/token [omitted]
[debug] [2025-09-24T03:36:55.382Z] >>> [apiv2][query] GET https://serviceusage.googleapis.com/v1/projects/wallpaperverce/services/firebaseremoteconfig.googleapis.com [none]
[debug] [2025-09-24T03:36:55.382Z] >>> [apiv2][(partial)header] GET https://serviceusage.googleapis.com/v1/projects/wallpaperverce/services/firebaseremoteconfig.googleapis.com x-goog-quota-user=projects/wallpaperverce
[debug] [2025-09-24T03:36:55.382Z] <<< [apiv2][status] POST https://www.googleapis.com/oauth2/v3/token 200
[debug] [2025-09-24T03:36:55.382Z] <<< [apiv2][body] POST https://www.googleapis.com/oauth2/v3/token [omitted]
[debug] [2025-09-24T03:36:55.391Z] >>> [apiv2][query] GET https://serviceusage.googleapis.com/v1/projects/wallpaperverce/services/identitytoolkit.googleapis.com [none]
[debug] [2025-09-24T03:36:55.391Z] >>> [apiv2][(partial)header] GET https://serviceusage.googleapis.com/v1/projects/wallpaperverce/services/identitytoolkit.googleapis.com x-goog-quota-user=projects/wallpaperverce
[debug] [2025-09-24T03:36:55.391Z] <<< [apiv2][status] POST https://www.googleapis.com/oauth2/v3/token 200
[debug] [2025-09-24T03:36:55.391Z] <<< [apiv2][body] POST https://www.googleapis.com/oauth2/v3/token [omitted]
[debug] [2025-09-24T03:36:55.399Z] >>> [apiv2][query] GET https://serviceusage.googleapis.com/v1/projects/wallpaperverce/services/storage.googleapis.com [none]
[debug] [2025-09-24T03:36:55.399Z] >>> [apiv2][(partial)header] GET https://serviceusage.googleapis.com/v1/projects/wallpaperverce/services/storage.googleapis.com x-goog-quota-user=projects/wallpaperverce
[debug] [2025-09-24T03:36:55.399Z] <<< [apiv2][status] POST https://www.googleapis.com/oauth2/v3/token 200
[debug] [2025-09-24T03:36:55.399Z] <<< [apiv2][body] POST https://www.googleapis.com/oauth2/v3/token [omitted]
[debug] [2025-09-24T03:36:55.408Z] >>> [apiv2][query] GET https://serviceusage.googleapis.com/v1/projects/wallpaperverce/services/ [none]
[debug] [2025-09-24T03:36:55.408Z] >>> [apiv2][(partial)header] GET https://serviceusage.googleapis.com/v1/projects/wallpaperverce/services/ x-goog-quota-user=projects/wallpaperverce
[debug] [2025-09-24T03:36:55.408Z] <<< [apiv2][status] POST https://www.googleapis.com/oauth2/v3/token 200
[debug] [2025-09-24T03:36:55.409Z] <<< [apiv2][body] POST https://www.googleapis.com/oauth2/v3/token [omitted]
[debug] [2025-09-24T03:36:55.416Z] >>> [apiv2][query] GET https://serviceusage.googleapis.com/v1/projects/wallpaperverce/services/fcm.googleapis.com [none]
[debug] [2025-09-24T03:36:55.416Z] >>> [apiv2][(partial)header] GET https://serviceusage.googleapis.com/v1/projects/wallpaperverce/services/fcm.googleapis.com x-goog-quota-user=projects/wallpaperverce
[debug] [2025-09-24T03:36:55.417Z] <<< [apiv2][status] POST https://www.googleapis.com/oauth2/v3/token 200
[debug] [2025-09-24T03:36:55.417Z] <<< [apiv2][body] POST https://www.googleapis.com/oauth2/v3/token [omitted]
[debug] [2025-09-24T03:36:55.425Z] >>> [apiv2][query] GET https://serviceusage.googleapis.com/v1/projects/wallpaperverce/services/firebaseio.com [none]
[debug] [2025-09-24T03:36:55.425Z] >>> [apiv2][(partial)header] GET https://serviceusage.googleapis.com/v1/projects/wallpaperverce/services/firebaseio.com x-goog-quota-user=projects/wallpaperverce
[debug] [2025-09-24T03:36:55.425Z] <<< [apiv2][status] POST https://www.googleapis.com/oauth2/v3/token 200
[debug] [2025-09-24T03:36:55.425Z] <<< [apiv2][body] POST https://www.googleapis.com/oauth2/v3/token [omitted]
[debug] [2025-09-24T03:36:55.435Z] >>> [apiv2][query] GET https://serviceusage.googleapis.com/v1/projects/wallpaperverce/services/ [none]
[debug] [2025-09-24T03:36:55.435Z] >>> [apiv2][(partial)header] GET https://serviceusage.googleapis.com/v1/projects/wallpaperverce/services/ x-goog-quota-user=projects/wallpaperverce
[debug] [2025-09-24T03:36:55.435Z] <<< [apiv2][status] POST https://www.googleapis.com/oauth2/v3/token 200
[debug] [2025-09-24T03:36:55.435Z] <<< [apiv2][body] POST https://www.googleapis.com/oauth2/v3/token [omitted]
[debug] [2025-09-24T03:36:55.444Z] >>> [apiv2][query] GET https://serviceusage.googleapis.com/v1/projects/wallpaperverce/services/storage.googleapis.com [none]
[debug] [2025-09-24T03:36:55.444Z] >>> [apiv2][(partial)header] GET https://serviceusage.googleapis.com/v1/projects/wallpaperverce/services/storage.googleapis.com x-goog-quota-user=projects/wallpaperverce
[debug] [2025-09-24T03:36:55.446Z] <<< [apiv2][status] POST https://www.googleapis.com/oauth2/v3/token 200
[debug] [2025-09-24T03:36:55.446Z] <<< [apiv2][body] POST https://www.googleapis.com/oauth2/v3/token [omitted]
[debug] [2025-09-24T03:36:55.455Z] >>> [apiv2][query] GET https://serviceusage.googleapis.com/v1/projects/wallpaperverce/services/firebasedataconnect.googleapis.com [none]
[debug] [2025-09-24T03:36:55.455Z] >>> [apiv2][(partial)header] GET https://serviceusage.googleapis.com/v1/projects/wallpaperverce/services/firebasedataconnect.googleapis.com x-goog-quota-user=projects/wallpaperverce
[debug] [2025-09-24T03:36:55.456Z] <<< [apiv2][status] POST https://www.googleapis.com/oauth2/v3/token 200
[debug] [2025-09-24T03:36:55.456Z] <<< [apiv2][body] POST https://www.googleapis.com/oauth2/v3/token [omitted]
[debug] [2025-09-24T03:36:55.465Z] >>> [apiv2][query] GET https://serviceusage.googleapis.com/v1/projects/wallpaperverce/services/firebasecrashlytics.googleapis.com [none]
[debug] [2025-09-24T03:36:55.465Z] >>> [apiv2][(partial)header] GET https://serviceusage.googleapis.com/v1/projects/wallpaperverce/services/firebasecrashlytics.googleapis.com x-goog-quota-user=projects/wallpaperverce
[debug] [2025-09-24T03:36:55.466Z] <<< [apiv2][status] POST https://www.googleapis.com/oauth2/v3/token 200
[debug] [2025-09-24T03:36:55.466Z] <<< [apiv2][body] POST https://www.googleapis.com/oauth2/v3/token [omitted]
[debug] [2025-09-24T03:36:55.475Z] >>> [apiv2][query] GET https://serviceusage.googleapis.com/v1/projects/wallpaperverce/services/firebasedataconnect.googleapis.com [none]
[debug] [2025-09-24T03:36:55.475Z] >>> [apiv2][(partial)header] GET https://serviceusage.googleapis.com/v1/projects/wallpaperverce/services/firebasedataconnect.googleapis.com x-goog-quota-user=projects/wallpaperverce
[debug] [2025-09-24T03:36:55.495Z] <<< [apiv2][status] POST https://www.googleapis.com/oauth2/v3/token 200
[debug] [2025-09-24T03:36:55.495Z] <<< [apiv2][body] POST https://www.googleapis.com/oauth2/v3/token [omitted]
[debug] [2025-09-24T03:36:55.505Z] >>> [apiv2][query] GET https://serviceusage.googleapis.com/v1/projects/wallpaperverce/services/firebaseremoteconfig.googleapis.com [none]
[debug] [2025-09-24T03:36:55.505Z] >>> [apiv2][(partial)header] GET https://serviceusage.googleapis.com/v1/projects/wallpaperverce/services/firebaseremoteconfig.googleapis.com x-goog-quota-user=projects/wallpaperverce
[debug] [2025-09-24T03:36:55.509Z] <<< [apiv2][status] POST https://www.googleapis.com/oauth2/v3/token 200
[debug] [2025-09-24T03:36:55.509Z] <<< [apiv2][body] POST https://www.googleapis.com/oauth2/v3/token [omitted]
[debug] [2025-09-24T03:36:55.518Z] >>> [apiv2][query] GET https://serviceusage.googleapis.com/v1/projects/wallpaperverce/services/firebasedataconnect.googleapis.com [none]
[debug] [2025-09-24T03:36:55.518Z] >>> [apiv2][(partial)header] GET https://serviceusage.googleapis.com/v1/projects/wallpaperverce/services/firebasedataconnect.googleapis.com x-goog-quota-user=projects/wallpaperverce
[debug] [2025-09-24T03:36:55.518Z] <<< [apiv2][status] POST https://www.googleapis.com/oauth2/v3/token 200
[debug] [2025-09-24T03:36:55.518Z] <<< [apiv2][body] POST https://www.googleapis.com/oauth2/v3/token [omitted]
[debug] [2025-09-24T03:36:55.527Z] >>> [apiv2][query] GET https://serviceusage.googleapis.com/v1/projects/wallpaperverce/services/firebaseapphosting.googleapis.com [none]
[debug] [2025-09-24T03:36:55.527Z] >>> [apiv2][(partial)header] GET https://serviceusage.googleapis.com/v1/projects/wallpaperverce/services/firebaseapphosting.googleapis.com x-goog-quota-user=projects/wallpaperverce
[debug] [2025-09-24T03:36:55.530Z] <<< [apiv2][status] POST https://www.googleapis.com/oauth2/v3/token 200
[debug] [2025-09-24T03:36:55.530Z] <<< [apiv2][body] POST https://www.googleapis.com/oauth2/v3/token [omitted]
[debug] [2025-09-24T03:36:55.539Z] >>> [apiv2][query] GET https://serviceusage.googleapis.com/v1/projects/wallpaperverce/services/firebasecrashlytics.googleapis.com [none]
[debug] [2025-09-24T03:36:55.539Z] >>> [apiv2][(partial)header] GET https://serviceusage.googleapis.com/v1/projects/wallpaperverce/services/firebasecrashlytics.googleapis.com x-goog-quota-user=projects/wallpaperverce
[debug] [2025-09-24T03:36:57.129Z] <<< [apiv2][status] GET https://serviceusage.googleapis.com/v1/projects/wallpaperverce/services/firebaseio.com 403
[debug] [2025-09-24T03:36:57.129Z] <<< [apiv2][body] GET https://serviceusage.googleapis.com/v1/projects/wallpaperverce/services/firebaseio.com [omitted]
[debug] [2025-09-24T03:36:57.151Z] <<< [apiv2][status] GET https://serviceusage.googleapis.com/v1/projects/wallpaperverce/services/firebaseremoteconfig.googleapis.com 200
[debug] [2025-09-24T03:36:57.151Z] <<< [apiv2][body] GET https://serviceusage.googleapis.com/v1/projects/wallpaperverce/services/firebaseremoteconfig.googleapis.com [omitted]
[debug] [2025-09-24T03:36:57.158Z] <<< [apiv2][status] GET https://serviceusage.googleapis.com/v1/projects/wallpaperverce/services/firebaseapphosting.googleapis.com 200
[debug] [2025-09-24T03:36:57.158Z] <<< [apiv2][body] GET https://serviceusage.googleapis.com/v1/projects/wallpaperverce/services/firebaseapphosting.googleapis.com [omitted]
[debug] [2025-09-24T03:36:57.171Z] <<< [apiv2][status] GET https://serviceusage.googleapis.com/v1/projects/wallpaperverce/services/identitytoolkit.googleapis.com 200
[debug] [2025-09-24T03:36:57.171Z] <<< [apiv2][body] GET https://serviceusage.googleapis.com/v1/projects/wallpaperverce/services/identitytoolkit.googleapis.com [omitted]
[debug] [2025-09-24T03:36:57.181Z] <<< [apiv2][status] GET https://serviceusage.googleapis.com/v1/projects/wallpaperverce/services/fcm.googleapis.com 200
[debug] [2025-09-24T03:36:57.181Z] <<< [apiv2][body] GET https://serviceusage.googleapis.com/v1/projects/wallpaperverce/services/fcm.googleapis.com [omitted]
[debug] [2025-09-24T03:36:57.192Z] <<< [apiv2][status] GET https://serviceusage.googleapis.com/v1/projects/wallpaperverce/services/firebasedataconnect.googleapis.com 200
[debug] [2025-09-24T03:36:57.192Z] <<< [apiv2][body] GET https://serviceusage.googleapis.com/v1/projects/wallpaperverce/services/firebasedataconnect.googleapis.com [omitted]
[debug] [2025-09-24T03:36:57.215Z] <<< [apiv2][status] GET https://serviceusage.googleapis.com/v1/projects/wallpaperverce/services/firebasecrashlytics.googleapis.com 200
[debug] [2025-09-24T03:36:57.215Z] <<< [apiv2][body] GET https://serviceusage.googleapis.com/v1/projects/wallpaperverce/services/firebasecrashlytics.googleapis.com [omitted]
[debug] [2025-09-24T03:36:57.219Z] <<< [apiv2][status] GET https://serviceusage.googleapis.com/v1/projects/wallpaperverce/services/storage.googleapis.com 200
[debug] [2025-09-24T03:36:57.219Z] <<< [apiv2][body] GET https://serviceusage.googleapis.com/v1/projects/wallpaperverce/services/storage.googleapis.com [omitted]
[debug] [2025-09-24T03:36:57.436Z] <<< [apiv2][status] GET https://serviceusage.googleapis.com/v1/projects/wallpaperverce/services/ 200
[debug] [2025-09-24T03:36:57.437Z] <<< [apiv2][body] GET https://serviceusage.googleapis.com/v1/projects/wallpaperverce/services/ [omitted]
[debug] [2025-09-24T03:36:57.508Z] <<< [apiv2][status] GET https://serviceusage.googleapis.com/v1/projects/wallpaperverce/services/fcm.googleapis.com 200
[debug] [2025-09-24T03:36:57.508Z] <<< [apiv2][body] GET https://serviceusage.googleapis.com/v1/projects/wallpaperverce/services/fcm.googleapis.com [omitted]
[debug] [2025-09-24T03:36:58.131Z] > command requires scopes: ["email","openid","https://www.googleapis.com/auth/cloudplatformprojects.readonly","https://www.googleapis.com/auth/firebase","https://www.googleapis.com/auth/cloud-platform"]
[debug] [2025-09-24T03:36:58.131Z] > authorizing via signed-in user (bipul281c@gmail.com)
[debug] [2025-09-24T03:36:58.136Z] > command requires scopes: ["email","openid","https://www.googleapis.com/auth/cloudplatformprojects.readonly","https://www.googleapis.com/auth/firebase","https://www.googleapis.com/auth/cloud-platform"]
[debug] [2025-09-24T03:36:58.136Z] > authorizing via signed-in user (bipul281c@gmail.com)
[debug] [2025-09-24T03:36:58.751Z] <<< [apiv2][status] GET https://serviceusage.googleapis.com/v1/projects/wallpaperverce/services/firebaseio.com 403
[debug] [2025-09-24T03:36:58.752Z] <<< [apiv2][body] GET https://serviceusage.googleapis.com/v1/projects/wallpaperverce/services/firebaseio.com [omitted]
[debug] [2025-09-24T03:36:58.752Z] <<< [apiv2][status] GET https://serviceusage.googleapis.com/v1/projects/wallpaperverce/services/firebaseio.com 403
[debug] [2025-09-24T03:36:58.753Z] <<< [apiv2][body] GET https://serviceusage.googleapis.com/v1/projects/wallpaperverce/services/firebaseio.com [omitted]
[debug] [2025-09-24T03:36:58.800Z] <<< [apiv2][status] GET https://serviceusage.googleapis.com/v1/projects/wallpaperverce/services/fcm.googleapis.com 200
[debug] [2025-09-24T03:36:58.800Z] <<< [apiv2][body] GET https://serviceusage.googleapis.com/v1/projects/wallpaperverce/services/fcm.googleapis.com [omitted]
[debug] [2025-09-24T03:36:58.815Z] <<< [apiv2][status] GET https://serviceusage.googleapis.com/v1/projects/wallpaperverce/services/identitytoolkit.googleapis.com 200
[debug] [2025-09-24T03:36:58.815Z] <<< [apiv2][body] GET https://serviceusage.googleapis.com/v1/projects/wallpaperverce/services/identitytoolkit.googleapis.com [omitted]
[debug] [2025-09-24T03:36:58.822Z] <<< [apiv2][status] GET https://serviceusage.googleapis.com/v1/projects/wallpaperverce/services/firebaseapphosting.googleapis.com 200
[debug] [2025-09-24T03:36:58.822Z] <<< [apiv2][body] GET https://serviceusage.googleapis.com/v1/projects/wallpaperverce/services/firebaseapphosting.googleapis.com [omitted]
[debug] [2025-09-24T03:36:58.824Z] <<< [apiv2][status] GET https://serviceusage.googleapis.com/v1/projects/wallpaperverce/services/firebaseremoteconfig.googleapis.com 200
[debug] [2025-09-24T03:36:58.824Z] <<< [apiv2][body] GET https://serviceusage.googleapis.com/v1/projects/wallpaperverce/services/firebaseremoteconfig.googleapis.com [omitted]
[debug] [2025-09-24T03:36:58.834Z] <<< [apiv2][status] GET https://serviceusage.googleapis.com/v1/projects/wallpaperverce/services/firebaseapphosting.googleapis.com 200
[debug] [2025-09-24T03:36:58.835Z] <<< [apiv2][body] GET https://serviceusage.googleapis.com/v1/projects/wallpaperverce/services/firebaseapphosting.googleapis.com [omitted]
[debug] [2025-09-24T03:36:58.835Z] <<< [apiv2][status] GET https://serviceusage.googleapis.com/v1/projects/wallpaperverce/services/firebaseremoteconfig.googleapis.com 200
[debug] [2025-09-24T03:36:58.835Z] <<< [apiv2][body] GET https://serviceusage.googleapis.com/v1/projects/wallpaperverce/services/firebaseremoteconfig.googleapis.com [omitted]
[debug] [2025-09-24T03:36:58.844Z] <<< [apiv2][status] GET https://serviceusage.googleapis.com/v1/projects/wallpaperverce/services/firebasecrashlytics.googleapis.com 200
[debug] [2025-09-24T03:36:58.844Z] <<< [apiv2][body] GET https://serviceusage.googleapis.com/v1/projects/wallpaperverce/services/firebasecrashlytics.googleapis.com [omitted]
[debug] [2025-09-24T03:36:58.845Z] <<< [apiv2][status] GET https://serviceusage.googleapis.com/v1/projects/wallpaperverce/services/identitytoolkit.googleapis.com 200
[debug] [2025-09-24T03:36:58.845Z] <<< [apiv2][body] GET https://serviceusage.googleapis.com/v1/projects/wallpaperverce/services/identitytoolkit.googleapis.com [omitted]
[debug] [2025-09-24T03:36:59.151Z] <<< [apiv2][status] GET https://serviceusage.googleapis.com/v1/projects/wallpaperverce/services/firebasecrashlytics.googleapis.com 200
[debug] [2025-09-24T03:36:59.151Z] <<< [apiv2][body] GET https://serviceusage.googleapis.com/v1/projects/wallpaperverce/services/firebasecrashlytics.googleapis.com [omitted]
[debug] [2025-09-24T03:36:59.154Z] <<< [apiv2][status] GET https://serviceusage.googleapis.com/v1/projects/wallpaperverce/services/firebasedataconnect.googleapis.com 200
[debug] [2025-09-24T03:36:59.154Z] <<< [apiv2][body] GET https://serviceusage.googleapis.com/v1/projects/wallpaperverce/services/firebasedataconnect.googleapis.com [omitted]
[debug] [2025-09-24T03:36:59.157Z] <<< [apiv2][status] GET https://serviceusage.googleapis.com/v1/projects/wallpaperverce/services/storage.googleapis.com 200
[debug] [2025-09-24T03:36:59.157Z] <<< [apiv2][body] GET https://serviceusage.googleapis.com/v1/projects/wallpaperverce/services/storage.googleapis.com [omitted]
[debug] [2025-09-24T03:36:59.164Z] <<< [apiv2][status] GET https://serviceusage.googleapis.com/v1/projects/wallpaperverce/services/storage.googleapis.com 200
[debug] [2025-09-24T03:36:59.165Z] <<< [apiv2][body] GET https://serviceusage.googleapis.com/v1/projects/wallpaperverce/services/storage.googleapis.com [omitted]
[debug] [2025-09-24T03:36:59.347Z] <<< [apiv2][status] GET https://serviceusage.googleapis.com/v1/projects/wallpaperverce/services/ 200
[debug] [2025-09-24T03:36:59.348Z] <<< [apiv2][body] GET https://serviceusage.googleapis.com/v1/projects/wallpaperverce/services/ [omitted]
[debug] [2025-09-24T03:36:59.476Z] <<< [apiv2][status] GET https://serviceusage.googleapis.com/v1/projects/wallpaperverce/services/ 200
[debug] [2025-09-24T03:36:59.476Z] <<< [apiv2][body] GET https://serviceusage.googleapis.com/v1/projects/wallpaperverce/services/ [omitted]
[debug] [2025-09-24T03:37:00.427Z] <<< [apiv2][status] GET https://serviceusage.googleapis.com/v1/projects/wallpaperverce/services/firebasedataconnect.googleapis.com 200
[debug] [2025-09-24T03:37:00.428Z] <<< [apiv2][body] GET https://serviceusage.googleapis.com/v1/projects/wallpaperverce/services/firebasedataconnect.googleapis.com [omitted]
[debug] [2025-09-24T03:37:49.838Z] > command requires scopes: ["email","openid","https://www.googleapis.com/auth/cloudplatformprojects.readonly","https://www.googleapis.com/auth/firebase","https://www.googleapis.com/auth/cloud-platform"]
[debug] [2025-09-24T03:37:49.840Z] > authorizing via signed-in user (bipul281c@gmail.com)
[debug] [2025-09-24T03:37:49.841Z] Checked if tokens are valid: true, expires at: 1758688614530
[debug] [2025-09-24T03:37:49.841Z] Checked if tokens are valid: true, expires at: 1758688614530
[debug] [2025-09-24T03:37:49.841Z] >>> [apiv2][query] POST https://firestore.googleapis.com/v1/projects/wallpaperverce/databases/(default)/documents:listCollectionIds [none]
[debug] [2025-09-24T03:37:49.841Z] >>> [apiv2][body] POST https://firestore.googleapis.com/v1/projects/wallpaperverce/databases/(default)/documents:listCollectionIds {"pageSize":2147483647}
[debug] [2025-09-24T03:37:52.456Z] <<< [apiv2][status] POST https://firestore.googleapis.com/v1/projects/wallpaperverce/databases/(default)/documents:listCollectionIds 200
[debug] [2025-09-24T03:37:52.456Z] <<< [apiv2][body] POST https://firestore.googleapis.com/v1/projects/wallpaperverce/databases/(default)/documents:listCollectionIds {"collectionIds":["admin_users","wallpapers"]}
[debug] [2025-09-24T03:37:56.952Z] > command requires scopes: ["email","openid","https://www.googleapis.com/auth/cloudplatformprojects.readonly","https://www.googleapis.com/auth/firebase","https://www.googleapis.com/auth/cloud-platform"]
[debug] [2025-09-24T03:37:56.952Z] > authorizing via signed-in user (bipul281c@gmail.com)
[debug] [2025-09-24T03:37:56.953Z] Checked if tokens are valid: true, expires at: 1758688614530
[debug] [2025-09-24T03:37:56.953Z] Checked if tokens are valid: true, expires at: 1758688614530
[debug] [2025-09-24T03:37:56.953Z] >>> [apiv2][query] POST https://firestore.googleapis.com/v1/projects/wallpaperverce/databases/(default)/documents:runQuery [none]
[debug] [2025-09-24T03:37:56.957Z] >>> [apiv2][body] POST https://firestore.googleapis.com/v1/projects/wallpaperverce/databases/(default)/documents:runQuery {"structuredQuery":{"from":[{"collectionId":"wallpapers","allDescendants":false}],"where":{"compositeFilter":{"op":"AND","filters":[{"fieldFilter":{"field":{"fieldPath":"id"},"op":"EQUAL","value":{"stringValue":"ZI5nWgmQhX4m9rKhLxOb"}}}]}},"limit":1},"explainOptions":{"analyze":true},"newTransaction":{"readOnly":{"readTime":"2025-09-24T03:37:56.953Z"}}}
[debug] [2025-09-24T03:37:57.325Z] <<< [apiv2][status] POST https://firestore.googleapis.com/v1/projects/wallpaperverce/databases/(default)/documents:runQuery 200
[debug] [2025-09-24T03:37:57.325Z] <<< [apiv2][body] POST https://firestore.googleapis.com/v1/projects/wallpaperverce/databases/(default)/documents:runQuery [{"transaction":"EeJlitrdLPQOIlkAEBEVEiljZ8salr4q5a0FxMmn6qGNleLaGswgZ5arF4ECk3VQmrU/zTVKlc2wSEBtLwzmPvTPU3XlnIu17HLJeTLf3W3PVjEGOFHsY4CS4+kOX0Pmu3syig=="},{"readTime":"2025-09-24T03:37:56.953Z","explainMetrics":{"planSummary":{"indexesUsed":[{"properties":"(id ASC, __name__ ASC)","query_scope":"Collection"}]},"executionStats":{"executionDuration":"0.029481s","readOperations":"1","debugStats":{"index_entries_scanned":"0","billing_details":{"index_entries_billable":"0","documents_billable":"0","min_query_cost":"1","small_ops":"0"},"documents_scanned":"0"}}}}]
[debug] [2025-09-24T03:37:59.458Z] > command requires scopes: ["email","openid","https://www.googleapis.com/auth/cloudplatformprojects.readonly","https://www.googleapis.com/auth/firebase","https://www.googleapis.com/auth/cloud-platform"]
[debug] [2025-09-24T03:37:59.459Z] > authorizing via signed-in user (bipul281c@gmail.com)
[debug] [2025-09-24T03:37:59.459Z] Checked if tokens are valid: true, expires at: 1758688614530
[debug] [2025-09-24T03:37:59.459Z] Checked if tokens are valid: true, expires at: 1758688614530
[debug] [2025-09-24T03:37:59.459Z] >>> [apiv2][query] POST https://firestore.googleapis.com/v1/projects/wallpaperverce/databases/(default)/documents:runQuery [none]
[debug] [2025-09-24T03:37:59.459Z] >>> [apiv2][body] POST https://firestore.googleapis.com/v1/projects/wallpaperverce/databases/(default)/documents:runQuery {"structuredQuery":{"from":[{"collectionId":"wallpapers","allDescendants":false}],"where":{"compositeFilter":{"op":"AND","filters":[{"fieldFilter":{"field":{"fieldPath":"id"},"op":"EQUAL","value":{"stringValue":"ZI5nWgmQhX4m9rKhLxOb"}}}]}},"limit":1},"explainOptions":{"analyze":true},"newTransaction":{"readOnly":{"readTime":"2025-09-24T03:37:59.459Z"}}}
[debug] [2025-09-24T03:37:59.834Z] <<< [apiv2][status] POST https://firestore.googleapis.com/v1/projects/wallpaperverce/databases/(default)/documents:runQuery 200
[debug] [2025-09-24T03:37:59.834Z] <<< [apiv2][body] POST https://firestore.googleapis.com/v1/projects/wallpaperverce/databases/(default)/documents:runQuery [{"transaction":"EQNxXxxwLmMHIlkAEBEVEvGtx6GMJYTY5gjLbOGWx1RpTsiaTSjZ8M15WtXE0SWPr9uv4LnH6nign1Sgr2DhRi9q9cRZchjeINmaiuOKiMvCgrr584OC0lAPMAE1rlCT5KCrig=="},{"readTime":"2025-09-24T03:37:59.459Z","explainMetrics":{"planSummary":{"indexesUsed":[{"query_scope":"Collection","properties":"(id ASC, __name__ ASC)"}]},"executionStats":{"executionDuration":"0.052765s","readOperations":"1","debugStats":{"index_entries_scanned":"0","documents_scanned":"0","billing_details":{"index_entries_billable":"0","documents_billable":"0","min_query_cost":"1","small_ops":"0"}}}}}]
[debug] [2025-09-24T03:38:01.144Z] > command requires scopes: ["email","openid","https://www.googleapis.com/auth/cloudplatformprojects.readonly","https://www.googleapis.com/auth/firebase","https://www.googleapis.com/auth/cloud-platform"]
[debug] [2025-09-24T03:38:01.144Z] > authorizing via signed-in user (bipul281c@gmail.com)
[debug] [2025-09-24T03:38:01.144Z] Checked if tokens are valid: true, expires at: 1758688614530
[debug] [2025-09-24T03:38:01.144Z] Checked if tokens are valid: true, expires at: 1758688614530
[debug] [2025-09-24T03:38:01.145Z] >>> [apiv2][query] POST https://firestore.googleapis.com/v1/projects/wallpaperverce/databases/(default)/documents:runQuery [none]
[debug] [2025-09-24T03:38:01.145Z] >>> [apiv2][body] POST https://firestore.googleapis.com/v1/projects/wallpaperverce/databases/(default)/documents:runQuery {"structuredQuery":{"from":[{"collectionId":"wallpapers","allDescendants":false}],"where":{"compositeFilter":{"op":"AND","filters":[]}},"limit":5},"explainOptions":{"analyze":true},"newTransaction":{"readOnly":{"readTime":"2025-09-24T03:38:01.144Z"}}}
[debug] [2025-09-24T03:38:01.506Z] <<< [apiv2][status] POST https://firestore.googleapis.com/v1/projects/wallpaperverce/databases/(default)/documents:runQuery 200
[debug] [2025-09-24T03:38:01.506Z] <<< [apiv2][body] POST https://firestore.googleapis.com/v1/projects/wallpaperverce/databases/(default)/documents:runQuery [{"transaction":"ES2dac5dTIHOIlkAEBEVEgNca95XHHlzOSrOzrf4kZZ19bTaHjqR7eKDe5aroKUvI5sq0jnHHchN3s7nqhtvusx5bCHv1LRcI6adljiTAuv/BVfeVSuoNsf3TItjvcx+3sg3qg=="},{"document":{"name":"projects/wallpaperverce/databases/(default)/documents/wallpapers/ZI5nWgmQhX4m9rKhLxOb","fields":{"title":{"stringValue":"A SILHOUETTE OF A GRADUATE IN A DARK BLU "},"downloads":{"integerValue":"0"},"category":{"stringValue":"dark"},"likes":{"integerValue":"0"},"resolution":{"stringValue":"1080x1920"},"r2Key":{"stringValue":"wallpapers/a-silhouette-of-a-graduate-in-a-dark-blu-1758679113079.png"},"fileSize":{"stringValue":"1.1 MB"},"tags":{"arrayValue":{}},"imageUrl":{"stringValue":"https://pub-141831e61e69445289222976a15b6fb3.r2.dev/wallpapers/a-silhouette-of-a-graduate-in-a-dark-blu-1758679113079.png"},"createdAt":{"timestampValue":"2025-09-24T01:58:35.528Z"}},"createTime":"2025-09-24T01:58:35.586248Z","updateTime":"2025-09-24T01:58:35.586248Z"},"readTime":"2025-09-24T03:38:01.144Z"},{"document":{"name":"projects/wallpaperverce/databases/(default)/documents/wallpapers/wallpaper-1","fields":{"tags":{"arrayValue":{"values":[{"stringValue":"neon"},{"stringValue":"city"},{"stringValue":"lights"},{"stringValue":"urban"}]}},"title":{"stringValue":"NEON CITY"},"createdAt":{"timestampValue":"2025-09-24T01:37:11.298Z"},"fileSize":{"stringValue":"2.4 MB"},"resolution":{"stringValue":"1080x1920"},"downloads":{"integerValue":"1234"},"category":{"stringValue":"abstract"},"likes":{"integerValue":"89"},"imageUrl":{"stringValue":"https://picsum.photos/400/600?random=1"}},"createTime":"2025-09-24T01:37:11.914121Z","updateTime":"2025-09-24T01:38:43.679520Z"},"readTime":"2025-09-24T03:38:01.144Z"},{"document":{"name":"projects/wallpaperverce/databases/(default)/documents/wallpapers/wallpaper-10","fields":{"title":{"stringValue":"MODERN BUILDING"},"downloads":{"integerValue":"1432"},"fileSize":{"stringValue":"2.6 MB"},"tags":{"arrayValue":{"values":[{"stringValue":"building"},{"stringValue":"architecture"},{"stringValue":"modern"},{"stringValue":"structure"}]}},"createdAt":{"timestampValue":"2025-09-24T01:37:11.298Z"},"resolution":{"stringValue":"1080x1920"},"likes":{"integerValue":"89"},"category":{"stringValue":"architecture"},"imageUrl":{"stringValue":"https://picsum.photos/400/600?random=10"}},"createTime":"2025-09-24T01:37:15.046190Z","updateTime":"2025-09-24T01:38:44.021870Z"},"readTime":"2025-09-24T03:38:01.144Z"},{"document":{"name":"projects/wallpaperverce/databases/(default)/documents/wallpapers/wallpaper-2","fields":{"tags":{"arrayValue":{"values":[{"stringValue":"mountain"},{"stringValue":"landscape"},{"stringValue":"snow"},{"stringValue":"peak"}]}},"category":{"stringValue":"nature"},"createdAt":{"timestampValue":"2025-09-24T01:37:11.298Z"},"fileSize":{"stringValue":"3.1 MB"},"resolution":{"stringValue":"1080x1920"},"downloads":{"integerValue":"2156"},"title":{"stringValue":"MOUNTAIN PEAK"},"likes":{"integerValue":"156"},"imageUrl":{"stringValue":"https://picsum.photos/400/600?random=2"}},"createTime":"2025-09-24T01:37:12.268979Z","updateTime":"2025-09-24T01:38:44.354663Z"},"readTime":"2025-09-24T03:38:01.144Z"},{"document":{"name":"projects/wallpaperverce/databases/(default)/documents/wallpapers/wallpaper-3","fields":{"fileSize":{"stringValue":"1.8 MB"},"resolution":{"stringValue":"1080x1920"},"title":{"stringValue":"MINIMAL WAVES"},"likes":{"integerValue":"67"},"category":{"stringValue":"minimal"},"tags":{"arrayValue":{"values":[{"stringValue":"waves"},{"stringValue":"minimal"},{"stringValue":"clean"},{"stringValue":"simple"}]}},"createdAt":{"timestampValue":"2025-09-24T01:37:11.298Z"},"downloads":{"integerValue":"987"},"imageUrl":{"stringValue":"https://picsum.photos/400/600?random=3"}},"createTime":"2025-09-24T01:37:12.585092Z","updateTime":"2025-09-24T01:38:44.677907Z"},"readTime":"2025-09-24T03:38:01.144Z","explainMetrics":{"planSummary":{"indexesUsed":[{"properties":"(__name__ ASC)","query_scope":"Collection"}]},"executionStats":{"resultsReturned":"5","executionDuration":"0.017189s","readOperations":"5","debugStats":{"documents_scanned":"5","index_entries_scanned":"6","billing_details":{"index_entries_billable":"0","documents_billable":"5","min_query_cost":"0","small_ops":"0"}}}}}]
[debug] [2025-09-24T03:40:05.086Z] > command requires scopes: ["email","openid","https://www.googleapis.com/auth/cloudplatformprojects.readonly","https://www.googleapis.com/auth/firebase","https://www.googleapis.com/auth/cloud-platform"]
[debug] [2025-09-24T03:40:05.087Z] > authorizing via signed-in user (bipul281c@gmail.com)
[debug] [2025-09-24T03:40:05.090Z] Checked if tokens are valid: true, expires at: 1758688614530
[debug] [2025-09-24T03:40:05.090Z] Checked if tokens are valid: true, expires at: 1758688614530
[debug] [2025-09-24T03:40:05.090Z] >>> [apiv2][query] POST https://firestore.googleapis.com/v1/projects/wallpaperverce/databases/(default)/documents:runQuery [none]
[debug] [2025-09-24T03:40:05.090Z] >>> [apiv2][body] POST https://firestore.googleapis.com/v1/projects/wallpaperverce/databases/(default)/documents:runQuery {"structuredQuery":{"from":[{"collectionId":"wallpapers","allDescendants":false}],"where":{"compositeFilter":{"op":"AND","filters":[]}},"limit":3},"explainOptions":{"analyze":true},"newTransaction":{"readOnly":{"readTime":"2025-09-24T03:40:05.089Z"}}}
[debug] [2025-09-24T03:40:06.880Z] <<< [apiv2][status] POST https://firestore.googleapis.com/v1/projects/wallpaperverce/databases/(default)/documents:runQuery 200
[debug] [2025-09-24T03:40:06.882Z] <<< [apiv2][body] POST https://firestore.googleapis.com/v1/projects/wallpaperverce/databases/(default)/documents:runQuery [{"transaction":"EZ8UgKXxHbtWIlkAEBEVEpye0cp6AnoEJunT4fdRn3uYvV6FUbP2hwG6EUCZpgR2epWvM39zaLY2HC/nEJdO6Mvpv3QOHdPIofvusbNBo7FK3EsSVd6N2SxGvSjGhTKyqOWYhQ=="},{"document":{"name":"projects/wallpaperverce/databases/(default)/documents/wallpapers/ZI5nWgmQhX4m9rKhLxOb","fields":{"title":{"stringValue":"A SILHOUETTE OF A GRADUATE IN A DARK BLU "},"downloads":{"integerValue":"0"},"category":{"stringValue":"dark"},"likes":{"integerValue":"0"},"resolution":{"stringValue":"1080x1920"},"r2Key":{"stringValue":"wallpapers/a-silhouette-of-a-graduate-in-a-dark-blu-1758679113079.png"},"fileSize":{"stringValue":"1.1 MB"},"tags":{"arrayValue":{}},"imageUrl":{"stringValue":"https://pub-141831e61e69445289222976a15b6fb3.r2.dev/wallpapers/a-silhouette-of-a-graduate-in-a-dark-blu-1758679113079.png"},"createdAt":{"timestampValue":"2025-09-24T01:58:35.528Z"}},"createTime":"2025-09-24T01:58:35.586248Z","updateTime":"2025-09-24T01:58:35.586248Z"},"readTime":"2025-09-24T03:40:05.089Z"},{"document":{"name":"projects/wallpaperverce/databases/(default)/documents/wallpapers/wallpaper-1","fields":{"tags":{"arrayValue":{"values":[{"stringValue":"neon"},{"stringValue":"city"},{"stringValue":"lights"},{"stringValue":"urban"}]}},"title":{"stringValue":"NEON CITY"},"createdAt":{"timestampValue":"2025-09-24T01:37:11.298Z"},"fileSize":{"stringValue":"2.4 MB"},"resolution":{"stringValue":"1080x1920"},"downloads":{"integerValue":"1234"},"category":{"stringValue":"abstract"},"likes":{"integerValue":"89"},"imageUrl":{"stringValue":"https://picsum.photos/400/600?random=1"}},"createTime":"2025-09-24T01:37:11.914121Z","updateTime":"2025-09-24T01:38:43.679520Z"},"readTime":"2025-09-24T03:40:05.089Z"},{"document":{"name":"projects/wallpaperverce/databases/(default)/documents/wallpapers/wallpaper-10","fields":{"title":{"stringValue":"MODERN BUILDING"},"downloads":{"integerValue":"1432"},"fileSize":{"stringValue":"2.6 MB"},"tags":{"arrayValue":{"values":[{"stringValue":"building"},{"stringValue":"architecture"},{"stringValue":"modern"},{"stringValue":"structure"}]}},"createdAt":{"timestampValue":"2025-09-24T01:37:11.298Z"},"resolution":{"stringValue":"1080x1920"},"likes":{"integerValue":"89"},"category":{"stringValue":"architecture"},"imageUrl":{"stringValue":"https://picsum.photos/400/600?random=10"}},"createTime":"2025-09-24T01:37:15.046190Z","updateTime":"2025-09-24T01:38:44.021870Z"},"readTime":"2025-09-24T03:40:05.089Z","explainMetrics":{"planSummary":{"indexesUsed":[{"query_scope":"Collection","properties":"(__name__ ASC)"}]},"executionStats":{"resultsReturned":"3","executionDuration":"0.016727s","readOperations":"3","debugStats":{"index_entries_scanned":"4","documents_scanned":"3","billing_details":{"index_entries_billable":"0","documents_billable":"3","min_query_cost":"0","small_ops":"0"}}}}}]
[debug] [2025-09-24T04:16:22.009Z] Checked if tokens are valid: true, expires at: 1758688614530
[debug] [2025-09-24T04:16:22.010Z] Checked if tokens are valid: true, expires at: 1758688614530
[debug] [2025-09-24T04:16:22.010Z] Checked if tokens are valid: true, expires at: 1758688614530
[debug] [2025-09-24T04:16:22.010Z] Checked if tokens are valid: true, expires at: 1758688614530
[debug] [2025-09-24T04:16:22.010Z] Checked if tokens are valid: true, expires at: 1758688614530
[debug] [2025-09-24T04:16:22.011Z] Checked if tokens are valid: true, expires at: 1758688614530
[debug] [2025-09-24T04:16:22.011Z] Checked if tokens are valid: true, expires at: 1758688614530
[debug] [2025-09-24T04:16:22.011Z] Checked if tokens are valid: true, expires at: 1758688614530
[debug] [2025-09-24T04:16:22.011Z] Checked if tokens are valid: true, expires at: 1758688614530
[debug] [2025-09-24T04:16:22.011Z] Checked if tokens are valid: true, expires at: 1758688614530
[debug] [2025-09-24T04:16:22.011Z] >>> [apiv2][query] GET https://serviceusage.googleapis.com/v1/projects/wallpaperverce/services/ [none]
[debug] [2025-09-24T04:16:22.011Z] >>> [apiv2][(partial)header] GET https://serviceusage.googleapis.com/v1/projects/wallpaperverce/services/ x-goog-quota-user=projects/wallpaperverce
[debug] [2025-09-24T04:16:22.028Z] >>> [apiv2][query] GET https://serviceusage.googleapis.com/v1/projects/wallpaperverce/services/firebasedataconnect.googleapis.com [none]
[debug] [2025-09-24T04:16:22.028Z] >>> [apiv2][(partial)header] GET https://serviceusage.googleapis.com/v1/projects/wallpaperverce/services/firebasedataconnect.googleapis.com x-goog-quota-user=projects/wallpaperverce
[debug] [2025-09-24T04:16:22.028Z] >>> [apiv2][query] GET https://serviceusage.googleapis.com/v1/projects/wallpaperverce/services/firebasecrashlytics.googleapis.com [none]
[debug] [2025-09-24T04:16:22.028Z] >>> [apiv2][(partial)header] GET https://serviceusage.googleapis.com/v1/projects/wallpaperverce/services/firebasecrashlytics.googleapis.com x-goog-quota-user=projects/wallpaperverce
[debug] [2025-09-24T04:16:22.029Z] >>> [apiv2][query] GET https://serviceusage.googleapis.com/v1/projects/wallpaperverce/services/firebaseapphosting.googleapis.com [none]
[debug] [2025-09-24T04:16:22.029Z] >>> [apiv2][(partial)header] GET https://serviceusage.googleapis.com/v1/projects/wallpaperverce/services/firebaseapphosting.googleapis.com x-goog-quota-user=projects/wallpaperverce
[debug] [2025-09-24T04:16:22.029Z] >>> [apiv2][query] GET https://serviceusage.googleapis.com/v1/projects/wallpaperverce/services/firebaseio.com [none]
[debug] [2025-09-24T04:16:22.029Z] >>> [apiv2][(partial)header] GET https://serviceusage.googleapis.com/v1/projects/wallpaperverce/services/firebaseio.com x-goog-quota-user=projects/wallpaperverce
[debug] [2025-09-24T04:16:22.042Z] Checked if tokens are valid: true, expires at: 1758688614530
[debug] [2025-09-24T04:16:22.042Z] Checked if tokens are valid: true, expires at: 1758688614530
[debug] [2025-09-24T04:16:22.042Z] Checked if tokens are valid: true, expires at: 1758688614530
[debug] [2025-09-24T04:16:22.042Z] Checked if tokens are valid: true, expires at: 1758688614530
[debug] [2025-09-24T04:16:22.042Z] Checked if tokens are valid: true, expires at: 1758688614530
[debug] [2025-09-24T04:16:22.042Z] Checked if tokens are valid: true, expires at: 1758688614530
[debug] [2025-09-24T04:16:22.042Z] Checked if tokens are valid: true, expires at: 1758688614530
[debug] [2025-09-24T04:16:22.042Z] Checked if tokens are valid: true, expires at: 1758688614530
[debug] [2025-09-24T04:16:22.042Z] Checked if tokens are valid: true, expires at: 1758688614530
[debug] [2025-09-24T04:16:22.042Z] Checked if tokens are valid: true, expires at: 1758688614530
[debug] [2025-09-24T04:16:22.042Z] Checked if tokens are valid: true, expires at: 1758688614530
[debug] [2025-09-24T04:16:22.042Z] Checked if tokens are valid: true, expires at: 1758688614530
[debug] [2025-09-24T04:16:22.042Z] Checked if tokens are valid: true, expires at: 1758688614530
[debug] [2025-09-24T04:16:22.042Z] Checked if tokens are valid: true, expires at: 1758688614530
[debug] [2025-09-24T04:16:22.042Z] Checked if tokens are valid: true, expires at: 1758688614530
[debug] [2025-09-24T04:16:22.042Z] Checked if tokens are valid: true, expires at: 1758688614530
[debug] [2025-09-24T04:16:22.042Z] Checked if tokens are valid: true, expires at: 1758688614530
[debug] [2025-09-24T04:16:22.042Z] Checked if tokens are valid: true, expires at: 1758688614530
[debug] [2025-09-24T04:16:22.042Z] Checked if tokens are valid: true, expires at: 1758688614530
[debug] [2025-09-24T04:16:22.042Z] Checked if tokens are valid: true, expires at: 1758688614530
[debug] [2025-09-24T04:16:22.043Z] >>> [apiv2][query] GET https://serviceusage.googleapis.com/v1/projects/wallpaperverce/services/ [none]
[debug] [2025-09-24T04:16:22.043Z] >>> [apiv2][(partial)header] GET https://serviceusage.googleapis.com/v1/projects/wallpaperverce/services/ x-goog-quota-user=projects/wallpaperverce
[debug] [2025-09-24T04:16:22.043Z] >>> [apiv2][query] GET https://serviceusage.googleapis.com/v1/projects/wallpaperverce/services/firebasedataconnect.googleapis.com [none]
[debug] [2025-09-24T04:16:22.043Z] >>> [apiv2][(partial)header] GET https://serviceusage.googleapis.com/v1/projects/wallpaperverce/services/firebasedataconnect.googleapis.com x-goog-quota-user=projects/wallpaperverce
[debug] [2025-09-24T04:16:22.043Z] >>> [apiv2][query] GET https://serviceusage.googleapis.com/v1/projects/wallpaperverce/services/firebasecrashlytics.googleapis.com [none]
[debug] [2025-09-24T04:16:22.043Z] >>> [apiv2][(partial)header] GET https://serviceusage.googleapis.com/v1/projects/wallpaperverce/services/firebasecrashlytics.googleapis.com x-goog-quota-user=projects/wallpaperverce
[debug] [2025-09-24T04:16:22.044Z] >>> [apiv2][query] GET https://serviceusage.googleapis.com/v1/projects/wallpaperverce/services/firebaseapphosting.googleapis.com [none]
[debug] [2025-09-24T04:16:22.044Z] >>> [apiv2][(partial)header] GET https://serviceusage.googleapis.com/v1/projects/wallpaperverce/services/firebaseapphosting.googleapis.com x-goog-quota-user=projects/wallpaperverce
[debug] [2025-09-24T04:16:22.045Z] >>> [apiv2][query] GET https://serviceusage.googleapis.com/v1/projects/wallpaperverce/services/firebaseio.com [none]
[debug] [2025-09-24T04:16:22.045Z] >>> [apiv2][(partial)header] GET https://serviceusage.googleapis.com/v1/projects/wallpaperverce/services/firebaseio.com x-goog-quota-user=projects/wallpaperverce
[debug] [2025-09-24T04:16:22.045Z] >>> [apiv2][query] GET https://serviceusage.googleapis.com/v1/projects/wallpaperverce/services/ [none]
[debug] [2025-09-24T04:16:22.045Z] >>> [apiv2][(partial)header] GET https://serviceusage.googleapis.com/v1/projects/wallpaperverce/services/ x-goog-quota-user=projects/wallpaperverce
[debug] [2025-09-24T04:16:22.045Z] >>> [apiv2][query] GET https://serviceusage.googleapis.com/v1/projects/wallpaperverce/services/firebasedataconnect.googleapis.com [none]
[debug] [2025-09-24T04:16:22.045Z] >>> [apiv2][(partial)header] GET https://serviceusage.googleapis.com/v1/projects/wallpaperverce/services/firebasedataconnect.googleapis.com x-goog-quota-user=projects/wallpaperverce
[debug] [2025-09-24T04:16:22.045Z] >>> [apiv2][query] GET https://serviceusage.googleapis.com/v1/projects/wallpaperverce/services/firebasecrashlytics.googleapis.com [none]
[debug] [2025-09-24T04:16:22.045Z] >>> [apiv2][(partial)header] GET https://serviceusage.googleapis.com/v1/projects/wallpaperverce/services/firebasecrashlytics.googleapis.com x-goog-quota-user=projects/wallpaperverce
[debug] [2025-09-24T04:16:22.045Z] >>> [apiv2][query] GET https://serviceusage.googleapis.com/v1/projects/wallpaperverce/services/firebaseapphosting.googleapis.com [none]
[debug] [2025-09-24T04:16:22.045Z] >>> [apiv2][(partial)header] GET https://serviceusage.googleapis.com/v1/projects/wallpaperverce/services/firebaseapphosting.googleapis.com x-goog-quota-user=projects/wallpaperverce
[debug] [2025-09-24T04:16:22.046Z] >>> [apiv2][query] GET https://serviceusage.googleapis.com/v1/projects/wallpaperverce/services/firebaseio.com [none]
[debug] [2025-09-24T04:16:22.046Z] >>> [apiv2][(partial)header] GET https://serviceusage.googleapis.com/v1/projects/wallpaperverce/services/firebaseio.com x-goog-quota-user=projects/wallpaperverce
[debug] [2025-09-24T04:16:23.765Z] <<< [apiv2][status] GET https://serviceusage.googleapis.com/v1/projects/wallpaperverce/services/firebaseio.com 403
[debug] [2025-09-24T04:16:23.766Z] <<< [apiv2][body] GET https://serviceusage.googleapis.com/v1/projects/wallpaperverce/services/firebaseio.com [omitted]
[debug] [2025-09-24T04:16:23.783Z] <<< [apiv2][status] GET https://serviceusage.googleapis.com/v1/projects/wallpaperverce/services/firebaseapphosting.googleapis.com 200
[debug] [2025-09-24T04:16:23.784Z] <<< [apiv2][body] GET https://serviceusage.googleapis.com/v1/projects/wallpaperverce/services/firebaseapphosting.googleapis.com [omitted]
[debug] [2025-09-24T04:16:23.798Z] <<< [apiv2][status] GET https://serviceusage.googleapis.com/v1/projects/wallpaperverce/services/firebasedataconnect.googleapis.com 200
[debug] [2025-09-24T04:16:23.798Z] <<< [apiv2][body] GET https://serviceusage.googleapis.com/v1/projects/wallpaperverce/services/firebasedataconnect.googleapis.com [omitted]
[debug] [2025-09-24T04:16:23.808Z] <<< [apiv2][status] GET https://serviceusage.googleapis.com/v1/projects/wallpaperverce/services/firebasecrashlytics.googleapis.com 200
[debug] [2025-09-24T04:16:23.808Z] <<< [apiv2][body] GET https://serviceusage.googleapis.com/v1/projects/wallpaperverce/services/firebasecrashlytics.googleapis.com [omitted]
[debug] [2025-09-24T04:16:24.155Z] <<< [apiv2][status] GET https://serviceusage.googleapis.com/v1/projects/wallpaperverce/services/ 200
[debug] [2025-09-24T04:16:24.155Z] <<< [apiv2][body] GET https://serviceusage.googleapis.com/v1/projects/wallpaperverce/services/ [omitted]
[debug] [2025-09-24T04:16:25.054Z] > command requires scopes: ["email","openid","https://www.googleapis.com/auth/cloudplatformprojects.readonly","https://www.googleapis.com/auth/firebase","https://www.googleapis.com/auth/cloud-platform"]
[debug] [2025-09-24T04:16:25.055Z] > authorizing via signed-in user (bipul281c@gmail.com)
[debug] [2025-09-24T04:16:25.058Z] > command requires scopes: ["email","openid","https://www.googleapis.com/auth/cloudplatformprojects.readonly","https://www.googleapis.com/auth/firebase","https://www.googleapis.com/auth/cloud-platform"]
[debug] [2025-09-24T04:16:25.058Z] > authorizing via signed-in user (bipul281c@gmail.com)
[debug] [2025-09-24T04:16:25.391Z] <<< [apiv2][status] GET https://serviceusage.googleapis.com/v1/projects/wallpaperverce/services/firebaseio.com 403
[debug] [2025-09-24T04:16:25.391Z] <<< [apiv2][body] GET https://serviceusage.googleapis.com/v1/projects/wallpaperverce/services/firebaseio.com [omitted]
[debug] [2025-09-24T04:16:25.393Z] <<< [apiv2][status] GET https://serviceusage.googleapis.com/v1/projects/wallpaperverce/services/firebaseio.com 403
[debug] [2025-09-24T04:16:25.394Z] <<< [apiv2][body] GET https://serviceusage.googleapis.com/v1/projects/wallpaperverce/services/firebaseio.com [omitted]
[debug] [2025-09-24T04:16:25.448Z] <<< [apiv2][status] GET https://serviceusage.googleapis.com/v1/projects/wallpaperverce/services/firebasedataconnect.googleapis.com 200
[debug] [2025-09-24T04:16:25.448Z] <<< [apiv2][body] GET https://serviceusage.googleapis.com/v1/projects/wallpaperverce/services/firebasedataconnect.googleapis.com [omitted]
[debug] [2025-09-24T04:16:25.464Z] <<< [apiv2][status] GET https://serviceusage.googleapis.com/v1/projects/wallpaperverce/services/firebaseapphosting.googleapis.com 200
[debug] [2025-09-24T04:16:25.465Z] <<< [apiv2][body] GET https://serviceusage.googleapis.com/v1/projects/wallpaperverce/services/firebaseapphosting.googleapis.com [omitted]
[debug] [2025-09-24T04:16:25.475Z] <<< [apiv2][status] GET https://serviceusage.googleapis.com/v1/projects/wallpaperverce/services/firebasecrashlytics.googleapis.com 200
[debug] [2025-09-24T04:16:25.475Z] <<< [apiv2][body] GET https://serviceusage.googleapis.com/v1/projects/wallpaperverce/services/firebasecrashlytics.googleapis.com [omitted]
[debug] [2025-09-24T04:16:25.480Z] <<< [apiv2][status] GET https://serviceusage.googleapis.com/v1/projects/wallpaperverce/services/firebaseapphosting.googleapis.com 200
[debug] [2025-09-24T04:16:25.480Z] <<< [apiv2][body] GET https://serviceusage.googleapis.com/v1/projects/wallpaperverce/services/firebaseapphosting.googleapis.com [omitted]
[debug] [2025-09-24T04:16:25.487Z] <<< [apiv2][status] GET https://serviceusage.googleapis.com/v1/projects/wallpaperverce/services/firebasecrashlytics.googleapis.com 200
[debug] [2025-09-24T04:16:25.487Z] <<< [apiv2][body] GET https://serviceusage.googleapis.com/v1/projects/wallpaperverce/services/firebasecrashlytics.googleapis.com [omitted]
[debug] [2025-09-24T04:16:25.507Z] <<< [apiv2][status] GET https://serviceusage.googleapis.com/v1/projects/wallpaperverce/services/firebasedataconnect.googleapis.com 200
[debug] [2025-09-24T04:16:25.507Z] <<< [apiv2][body] GET https://serviceusage.googleapis.com/v1/projects/wallpaperverce/services/firebasedataconnect.googleapis.com [omitted]
[debug] [2025-09-24T04:16:26.139Z] <<< [apiv2][status] GET https://serviceusage.googleapis.com/v1/projects/wallpaperverce/services/ 200
[debug] [2025-09-24T04:16:26.139Z] <<< [apiv2][body] GET https://serviceusage.googleapis.com/v1/projects/wallpaperverce/services/ [omitted]
[debug] [2025-09-24T04:16:26.149Z] <<< [apiv2][status] GET https://serviceusage.googleapis.com/v1/projects/wallpaperverce/services/ 200
[debug] [2025-09-24T04:16:26.149Z] <<< [apiv2][body] GET https://serviceusage.googleapis.com/v1/projects/wallpaperverce/services/ [omitted]
[debug] [2025-09-24T04:17:07.648Z] Checked if tokens are valid: true, expires at: 1758688614530
[debug] [2025-09-24T04:17:07.649Z] Checked if tokens are valid: true, expires at: 1758688614530
[debug] [2025-09-24T04:17:07.650Z] Checked if tokens are valid: true, expires at: 1758688614530
[debug] [2025-09-24T04:17:07.650Z] Checked if tokens are valid: true, expires at: 1758688614530
[debug] [2025-09-24T04:17:07.650Z] Checked if tokens are valid: true, expires at: 1758688614530
[debug] [2025-09-24T04:17:07.650Z] Checked if tokens are valid: true, expires at: 1758688614530
[debug] [2025-09-24T04:17:07.650Z] Checked if tokens are valid: true, expires at: 1758688614530
[debug] [2025-09-24T04:17:07.650Z] Checked if tokens are valid: true, expires at: 1758688614530
[debug] [2025-09-24T04:17:07.650Z] Checked if tokens are valid: true, expires at: 1758688614530
[debug] [2025-09-24T04:17:07.650Z] Checked if tokens are valid: true, expires at: 1758688614530
[debug] [2025-09-24T04:17:07.651Z] >>> [apiv2][query] GET https://serviceusage.googleapis.com/v1/projects/wallpaperverce/services/ [none]
[debug] [2025-09-24T04:17:07.651Z] >>> [apiv2][(partial)header] GET https://serviceusage.googleapis.com/v1/projects/wallpaperverce/services/ x-goog-quota-user=projects/wallpaperverce
[debug] [2025-09-24T04:17:07.667Z] >>> [apiv2][query] GET https://serviceusage.googleapis.com/v1/projects/wallpaperverce/services/firebasedataconnect.googleapis.com [none]
[debug] [2025-09-24T04:17:07.667Z] >>> [apiv2][(partial)header] GET https://serviceusage.googleapis.com/v1/projects/wallpaperverce/services/firebasedataconnect.googleapis.com x-goog-quota-user=projects/wallpaperverce
[debug] [2025-09-24T04:17:07.668Z] >>> [apiv2][query] GET https://serviceusage.googleapis.com/v1/projects/wallpaperverce/services/firebasecrashlytics.googleapis.com [none]
[debug] [2025-09-24T04:17:07.668Z] >>> [apiv2][(partial)header] GET https://serviceusage.googleapis.com/v1/projects/wallpaperverce/services/firebasecrashlytics.googleapis.com x-goog-quota-user=projects/wallpaperverce
[debug] [2025-09-24T04:17:07.668Z] >>> [apiv2][query] GET https://serviceusage.googleapis.com/v1/projects/wallpaperverce/services/firebaseapphosting.googleapis.com [none]
[debug] [2025-09-24T04:17:07.668Z] >>> [apiv2][(partial)header] GET https://serviceusage.googleapis.com/v1/projects/wallpaperverce/services/firebaseapphosting.googleapis.com x-goog-quota-user=projects/wallpaperverce
[debug] [2025-09-24T04:17:07.669Z] >>> [apiv2][query] GET https://serviceusage.googleapis.com/v1/projects/wallpaperverce/services/firebaseio.com [none]
[debug] [2025-09-24T04:17:07.669Z] >>> [apiv2][(partial)header] GET https://serviceusage.googleapis.com/v1/projects/wallpaperverce/services/firebaseio.com x-goog-quota-user=projects/wallpaperverce
[debug] [2025-09-24T04:17:07.681Z] Checked if tokens are valid: true, expires at: 1758688614530
[debug] [2025-09-24T04:17:07.681Z] Checked if tokens are valid: true, expires at: 1758688614530
[debug] [2025-09-24T04:17:07.681Z] Checked if tokens are valid: true, expires at: 1758688614530
[debug] [2025-09-24T04:17:07.682Z] Checked if tokens are valid: true, expires at: 1758688614530
[debug] [2025-09-24T04:17:07.682Z] Checked if tokens are valid: true, expires at: 1758688614530
[debug] [2025-09-24T04:17:07.682Z] Checked if tokens are valid: true, expires at: 1758688614530
[debug] [2025-09-24T04:17:07.682Z] Checked if tokens are valid: true, expires at: 1758688614530
[debug] [2025-09-24T04:17:07.682Z] Checked if tokens are valid: true, expires at: 1758688614530
[debug] [2025-09-24T04:17:07.682Z] Checked if tokens are valid: true, expires at: 1758688614530
[debug] [2025-09-24T04:17:07.682Z] Checked if tokens are valid: true, expires at: 1758688614530
[debug] [2025-09-24T04:17:07.682Z] Checked if tokens are valid: true, expires at: 1758688614530
[debug] [2025-09-24T04:17:07.682Z] Checked if tokens are valid: true, expires at: 1758688614530
[debug] [2025-09-24T04:17:07.682Z] Checked if tokens are valid: true, expires at: 1758688614530
[debug] [2025-09-24T04:17:07.682Z] Checked if tokens are valid: true, expires at: 1758688614530
[debug] [2025-09-24T04:17:07.682Z] Checked if tokens are valid: true, expires at: 1758688614530
[debug] [2025-09-24T04:17:07.682Z] Checked if tokens are valid: true, expires at: 1758688614530
[debug] [2025-09-24T04:17:07.682Z] Checked if tokens are valid: true, expires at: 1758688614530
[debug] [2025-09-24T04:17:07.682Z] Checked if tokens are valid: true, expires at: 1758688614530
[debug] [2025-09-24T04:17:07.682Z] Checked if tokens are valid: true, expires at: 1758688614530
[debug] [2025-09-24T04:17:07.682Z] Checked if tokens are valid: true, expires at: 1758688614530
[debug] [2025-09-24T04:17:07.682Z] >>> [apiv2][query] GET https://serviceusage.googleapis.com/v1/projects/wallpaperverce/services/ [none]
[debug] [2025-09-24T04:17:07.682Z] >>> [apiv2][(partial)header] GET https://serviceusage.googleapis.com/v1/projects/wallpaperverce/services/ x-goog-quota-user=projects/wallpaperverce
[debug] [2025-09-24T04:17:07.682Z] >>> [apiv2][query] GET https://serviceusage.googleapis.com/v1/projects/wallpaperverce/services/firebasedataconnect.googleapis.com [none]
[debug] [2025-09-24T04:17:07.682Z] >>> [apiv2][(partial)header] GET https://serviceusage.googleapis.com/v1/projects/wallpaperverce/services/firebasedataconnect.googleapis.com x-goog-quota-user=projects/wallpaperverce
[debug] [2025-09-24T04:17:07.683Z] >>> [apiv2][query] GET https://serviceusage.googleapis.com/v1/projects/wallpaperverce/services/firebasecrashlytics.googleapis.com [none]
[debug] [2025-09-24T04:17:07.683Z] >>> [apiv2][(partial)header] GET https://serviceusage.googleapis.com/v1/projects/wallpaperverce/services/firebasecrashlytics.googleapis.com x-goog-quota-user=projects/wallpaperverce
[debug] [2025-09-24T04:17:07.684Z] >>> [apiv2][query] GET https://serviceusage.googleapis.com/v1/projects/wallpaperverce/services/firebaseapphosting.googleapis.com [none]
[debug] [2025-09-24T04:17:07.684Z] >>> [apiv2][(partial)header] GET https://serviceusage.googleapis.com/v1/projects/wallpaperverce/services/firebaseapphosting.googleapis.com x-goog-quota-user=projects/wallpaperverce
[debug] [2025-09-24T04:17:07.684Z] >>> [apiv2][query] GET https://serviceusage.googleapis.com/v1/projects/wallpaperverce/services/firebaseio.com [none]
[debug] [2025-09-24T04:17:07.684Z] >>> [apiv2][(partial)header] GET https://serviceusage.googleapis.com/v1/projects/wallpaperverce/services/firebaseio.com x-goog-quota-user=projects/wallpaperverce
[debug] [2025-09-24T04:17:07.684Z] >>> [apiv2][query] GET https://serviceusage.googleapis.com/v1/projects/wallpaperverce/services/ [none]
[debug] [2025-09-24T04:17:07.684Z] >>> [apiv2][(partial)header] GET https://serviceusage.googleapis.com/v1/projects/wallpaperverce/services/ x-goog-quota-user=projects/wallpaperverce
[debug] [2025-09-24T04:17:07.685Z] >>> [apiv2][query] GET https://serviceusage.googleapis.com/v1/projects/wallpaperverce/services/firebasedataconnect.googleapis.com [none]
[debug] [2025-09-24T04:17:07.685Z] >>> [apiv2][(partial)header] GET https://serviceusage.googleapis.com/v1/projects/wallpaperverce/services/firebasedataconnect.googleapis.com x-goog-quota-user=projects/wallpaperverce
[debug] [2025-09-24T04:17:07.685Z] >>> [apiv2][query] GET https://serviceusage.googleapis.com/v1/projects/wallpaperverce/services/firebasecrashlytics.googleapis.com [none]
[debug] [2025-09-24T04:17:07.685Z] >>> [apiv2][(partial)header] GET https://serviceusage.googleapis.com/v1/projects/wallpaperverce/services/firebasecrashlytics.googleapis.com x-goog-quota-user=projects/wallpaperverce
[debug] [2025-09-24T04:17:07.685Z] >>> [apiv2][query] GET https://serviceusage.googleapis.com/v1/projects/wallpaperverce/services/firebaseapphosting.googleapis.com [none]
[debug] [2025-09-24T04:17:07.685Z] >>> [apiv2][(partial)header] GET https://serviceusage.googleapis.com/v1/projects/wallpaperverce/services/firebaseapphosting.googleapis.com x-goog-quota-user=projects/wallpaperverce
[debug] [2025-09-24T04:17:07.685Z] >>> [apiv2][query] GET https://serviceusage.googleapis.com/v1/projects/wallpaperverce/services/firebaseio.com [none]
[debug] [2025-09-24T04:17:07.685Z] >>> [apiv2][(partial)header] GET https://serviceusage.googleapis.com/v1/projects/wallpaperverce/services/firebaseio.com x-goog-quota-user=projects/wallpaperverce
[debug] [2025-09-24T04:17:08.071Z] <<< [apiv2][status] GET https://serviceusage.googleapis.com/v1/projects/wallpaperverce/services/firebasecrashlytics.googleapis.com 200
[debug] [2025-09-24T04:17:08.071Z] <<< [apiv2][body] GET https://serviceusage.googleapis.com/v1/projects/wallpaperverce/services/firebasecrashlytics.googleapis.com [omitted]
[debug] [2025-09-24T04:17:08.092Z] <<< [apiv2][status] GET https://serviceusage.googleapis.com/v1/projects/wallpaperverce/services/firebaseapphosting.googleapis.com 200
[debug] [2025-09-24T04:17:08.093Z] <<< [apiv2][body] GET https://serviceusage.googleapis.com/v1/projects/wallpaperverce/services/firebaseapphosting.googleapis.com [omitted]
[debug] [2025-09-24T04:17:09.338Z] <<< [apiv2][status] GET https://serviceusage.googleapis.com/v1/projects/wallpaperverce/services/firebaseio.com 403
[debug] [2025-09-24T04:17:09.338Z] <<< [apiv2][body] GET https://serviceusage.googleapis.com/v1/projects/wallpaperverce/services/firebaseio.com [omitted]
[debug] [2025-09-24T04:17:09.365Z] <<< [apiv2][status] GET https://serviceusage.googleapis.com/v1/projects/wallpaperverce/services/firebaseio.com 403
[debug] [2025-09-24T04:17:09.365Z] <<< [apiv2][body] GET https://serviceusage.googleapis.com/v1/projects/wallpaperverce/services/firebaseio.com [omitted]
[debug] [2025-09-24T04:17:09.366Z] <<< [apiv2][status] GET https://serviceusage.googleapis.com/v1/projects/wallpaperverce/services/firebaseio.com 403
[debug] [2025-09-24T04:17:09.366Z] <<< [apiv2][body] GET https://serviceusage.googleapis.com/v1/projects/wallpaperverce/services/firebaseio.com [omitted]
[debug] [2025-09-24T04:17:09.379Z] <<< [apiv2][status] GET https://serviceusage.googleapis.com/v1/projects/wallpaperverce/services/firebaseapphosting.googleapis.com 200
[debug] [2025-09-24T04:17:09.380Z] <<< [apiv2][body] GET https://serviceusage.googleapis.com/v1/projects/wallpaperverce/services/firebaseapphosting.googleapis.com [omitted]
[debug] [2025-09-24T04:17:09.385Z] <<< [apiv2][status] GET https://serviceusage.googleapis.com/v1/projects/wallpaperverce/services/firebasedataconnect.googleapis.com 200
[debug] [2025-09-24T04:17:09.385Z] <<< [apiv2][body] GET https://serviceusage.googleapis.com/v1/projects/wallpaperverce/services/firebasedataconnect.googleapis.com [omitted]
[debug] [2025-09-24T04:17:09.391Z] <<< [apiv2][status] GET https://serviceusage.googleapis.com/v1/projects/wallpaperverce/services/firebasedataconnect.googleapis.com 200
[debug] [2025-09-24T04:17:09.391Z] <<< [apiv2][body] GET https://serviceusage.googleapis.com/v1/projects/wallpaperverce/services/firebasedataconnect.googleapis.com [omitted]
[debug] [2025-09-24T04:17:09.391Z] <<< [apiv2][status] GET https://serviceusage.googleapis.com/v1/projects/wallpaperverce/services/firebasecrashlytics.googleapis.com 200
[debug] [2025-09-24T04:17:09.392Z] <<< [apiv2][body] GET https://serviceusage.googleapis.com/v1/projects/wallpaperverce/services/firebasecrashlytics.googleapis.com [omitted]
[debug] [2025-09-24T04:17:09.397Z] <<< [apiv2][status] GET https://serviceusage.googleapis.com/v1/projects/wallpaperverce/services/firebasedataconnect.googleapis.com 200
[debug] [2025-09-24T04:17:09.397Z] <<< [apiv2][body] GET https://serviceusage.googleapis.com/v1/projects/wallpaperverce/services/firebasedataconnect.googleapis.com [omitted]
[debug] [2025-09-24T04:17:09.400Z] <<< [apiv2][status] GET https://serviceusage.googleapis.com/v1/projects/wallpaperverce/services/firebaseapphosting.googleapis.com 200
[debug] [2025-09-24T04:17:09.400Z] <<< [apiv2][body] GET https://serviceusage.googleapis.com/v1/projects/wallpaperverce/services/firebaseapphosting.googleapis.com [omitted]
[debug] [2025-09-24T04:17:09.427Z] <<< [apiv2][status] GET https://serviceusage.googleapis.com/v1/projects/wallpaperverce/services/firebasecrashlytics.googleapis.com 200
[debug] [2025-09-24T04:17:09.428Z] <<< [apiv2][body] GET https://serviceusage.googleapis.com/v1/projects/wallpaperverce/services/firebasecrashlytics.googleapis.com [omitted]
[debug] [2025-09-24T04:17:09.686Z] <<< [apiv2][status] GET https://serviceusage.googleapis.com/v1/projects/wallpaperverce/services/ 200
[debug] [2025-09-24T04:17:09.686Z] <<< [apiv2][body] GET https://serviceusage.googleapis.com/v1/projects/wallpaperverce/services/ [omitted]
[debug] [2025-09-24T04:17:09.742Z] <<< [apiv2][status] GET https://serviceusage.googleapis.com/v1/projects/wallpaperverce/services/ 200
[debug] [2025-09-24T04:17:09.742Z] <<< [apiv2][body] GET https://serviceusage.googleapis.com/v1/projects/wallpaperverce/services/ [omitted]
[debug] [2025-09-24T04:17:09.753Z] > command requires scopes: ["email","openid","https://www.googleapis.com/auth/cloudplatformprojects.readonly","https://www.googleapis.com/auth/firebase","https://www.googleapis.com/auth/cloud-platform"]
[debug] [2025-09-24T04:17:09.753Z] > authorizing via signed-in user (bipul281c@gmail.com)
[debug] [2025-09-24T04:17:09.759Z] <<< [apiv2][status] GET https://serviceusage.googleapis.com/v1/projects/wallpaperverce/services/ 200
[debug] [2025-09-24T04:17:09.759Z] <<< [apiv2][body] GET https://serviceusage.googleapis.com/v1/projects/wallpaperverce/services/ [omitted]
[debug] [2025-09-24T04:17:09.761Z] > command requires scopes: ["email","openid","https://www.googleapis.com/auth/cloudplatformprojects.readonly","https://www.googleapis.com/auth/firebase","https://www.googleapis.com/auth/cloud-platform"]
[debug] [2025-09-24T04:17:09.761Z] > authorizing via signed-in user (bipul281c@gmail.com)
[debug] [2025-09-24T04:20:27.432Z] > command requires scopes: ["email","openid","https://www.googleapis.com/auth/cloudplatformprojects.readonly","https://www.googleapis.com/auth/firebase","https://www.googleapis.com/auth/cloud-platform"]
[debug] [2025-09-24T04:20:27.432Z] > authorizing via signed-in user (bipul281c@gmail.com)
[debug] [2025-09-24T04:20:30.106Z] > command requires scopes: ["email","openid","https://www.googleapis.com/auth/cloudplatformprojects.readonly","https://www.googleapis.com/auth/firebase","https://www.googleapis.com/auth/cloud-platform"]
[debug] [2025-09-24T04:20:30.106Z] > authorizing via signed-in user (bipul281c@gmail.com)
[debug] [2025-09-24T04:20:30.106Z] Checked if tokens are valid: true, expires at: 1758688614530
[debug] [2025-09-24T04:20:30.106Z] Checked if tokens are valid: true, expires at: 1758688614530
[debug] [2025-09-24T04:20:30.106Z] >>> [apiv2][query] POST https://firestore.googleapis.com/v1/projects/wallpaperverce/databases/(default)/documents:listCollectionIds [none]
[debug] [2025-09-24T04:20:30.106Z] >>> [apiv2][body] POST https://firestore.googleapis.com/v1/projects/wallpaperverce/databases/(default)/documents:listCollectionIds {"pageSize":2147483647}
[debug] [2025-09-24T04:20:31.790Z] <<< [apiv2][status] POST https://firestore.googleapis.com/v1/projects/wallpaperverce/databases/(default)/documents:listCollectionIds 200
[debug] [2025-09-24T04:20:31.790Z] <<< [apiv2][body] POST https://firestore.googleapis.com/v1/projects/wallpaperverce/databases/(default)/documents:listCollectionIds {"collectionIds":["admin_users","wallpapers"]}
[debug] [2025-09-24T04:20:33.714Z] > command requires scopes: ["email","openid","https://www.googleapis.com/auth/cloudplatformprojects.readonly","https://www.googleapis.com/auth/firebase","https://www.googleapis.com/auth/cloud-platform"]
[debug] [2025-09-24T04:20:33.714Z] > authorizing via signed-in user (bipul281c@gmail.com)
[debug] [2025-09-24T04:20:33.714Z] Checked if tokens are valid: true, expires at: 1758688614530
[debug] [2025-09-24T04:20:33.714Z] Checked if tokens are valid: true, expires at: 1758688614530
[debug] [2025-09-24T04:20:33.714Z] >>> [apiv2][query] POST https://firestore.googleapis.com/v1/projects/wallpaperverce/databases/(default)/documents:runQuery [none]
[debug] [2025-09-24T04:20:33.714Z] >>> [apiv2][body] POST https://firestore.googleapis.com/v1/projects/wallpaperverce/databases/(default)/documents:runQuery {"structuredQuery":{"from":[{"collectionId":"wallpapers","allDescendants":false}],"where":{"compositeFilter":{"op":"AND","filters":[{"fieldFilter":{"field":{"fieldPath":"slug"},"op":"EQUAL","value":{"stringValue":"silhouette-graduate-dark-blu"}}}]}},"limit":10},"explainOptions":{"analyze":true},"newTransaction":{"readOnly":{"readTime":"2025-09-24T04:20:33.714Z"}}}
[debug] [2025-09-24T04:20:34.059Z] <<< [apiv2][status] POST https://firestore.googleapis.com/v1/projects/wallpaperverce/databases/(default)/documents:runQuery 200
[debug] [2025-09-24T04:20:34.059Z] <<< [apiv2][body] POST https://firestore.googleapis.com/v1/projects/wallpaperverce/databases/(default)/documents:runQuery [{"transaction":"EbEYkz4pBkZvIlkAEBEVEkqMlsS6VkHN7w16StCEtidDFVAOrV5vFG7KC8GvctAgVBr0TB9qRLvYBTytF38wIInHfVuVoXAqD4wmv/SrE07AubPe45dFnHJlF126EemsT+lD5w=="},{"document":{"name":"projects/wallpaperverce/databases/(default)/documents/wallpapers/DIEM83Rt0wZkVUBymZ8N","fields":{"category":{"stringValue":"dark"},"likes":{"integerValue":"0"},"r2Key":{"stringValue":"wallpapers/a-silhouette-of-a-graduate-in-a-dark-blu-1758686205221.png"},"tags":{"arrayValue":{}},"downloads":{"integerValue":"0"},"customSlug":{"booleanValue":true},"fileSize":{"stringValue":"1.1 MB"},"slug":{"stringValue":"silhouette-graduate-dark-blu"},"imageUrl":{"stringValue":"https://pub-141831e61e69445289222976a15b6fb3.r2.dev/wallpapers/a-silhouette-of-a-graduate-in-a-dark-blu-1758686205221.png"},"deviceType":{"stringValue":"phone"},"title":{"stringValue":"A SILHOUETTE OF A GRADUATE IN A DARK BLU "},"slugHistory":{"arrayValue":{"values":[{"stringValue":"silhouette-graduate-dark-blu"}]}},"resolution":{"stringValue":"1080x1920"},"createdAt":{"timestampValue":"2025-09-24T03:56:47.797Z"}},"createTime":"2025-09-24T03:56:47.834350Z","updateTime":"2025-09-24T03:56:47.834350Z"},"readTime":"2025-09-24T04:20:33.714Z","explainMetrics":{"planSummary":{"indexesUsed":[{"properties":"(slug ASC, __name__ ASC)","query_scope":"Collection"}]},"executionStats":{"resultsReturned":"1","executionDuration":"0.010879s","readOperations":"1","debugStats":{"billing_details":{"index_entries_billable":"0","documents_billable":"1","min_query_cost":"0","small_ops":"0"},"index_entries_scanned":"1","documents_scanned":"1"}}}}]
